  [4;36;1mSQL (0.1ms)[0m   [0;1mSET client_min_messages TO 'panic'[0m
  [4;35;1mSQL (0.1ms)[0m   [0mSET standard_conforming_strings = on[0m
  [4;36;1mSQL (0.1ms)[0m   [0;1mSET client_min_messages TO 'notice'[0m
  [4;35;1mSQL (3.9ms)[0m   [0mCREATE TABLE "schema_migrations" ("version" character varying(255) NOT NULL) [0m
  [4;36;1mSQL (1.6ms)[0m   [0;1mCREATE UNIQUE INDEX "unique_schema_migrations" ON "schema_migrations" ("version")[0m
  [4;35;1mSQL (0.2ms)[0m   [0mSELECT version FROM schema_migrations[0m
Migrating to CreateUsers (20100526115225)
  [4;36;1mSQL (0.1ms)[0m   [0;1mBEGIN[0m
  [4;35;1mSQL (4.7ms)[0m   [0mCREATE TABLE "users" ("id" serial primary key, "username" character varying(255), "email" character varying(255), "password" character varying(255), "created_at" timestamp, "updated_at" timestamp) [0m
  [4;36;1mSQL (0.4ms)[0m   [0;1mINSERT INTO schema_migrations (version) VALUES ('20100526115225')[0m
  [4;35;1mSQL (1.3ms)[0m   [0mCOMMIT[0m
  [4;36;1mSQL (0.4ms)[0m   [0;1mSELECT version FROM schema_migrations[0m
  [4;36;1mSQL (0.1ms)[0m   [0;1mSET client_min_messages TO 'panic'[0m
  [4;35;1mSQL (0.1ms)[0m   [0mSET standard_conforming_strings = on[0m
  [4;36;1mSQL (0.1ms)[0m   [0;1mSET client_min_messages TO 'notice'[0m
  [4;35;1mSQL (0.3ms)[0m   [0mSELECT version FROM schema_migrations[0m
Migrating to CreateUsers (20100526115225)
  [4;36;1mSQL (0.1ms)[0m   [0;1mSELECT version FROM schema_migrations[0m
  [4;36;1mSQL (0.1ms)[0m   [0;1mSET client_min_messages TO 'panic'[0m
  [4;35;1mSQL (0.1ms)[0m   [0mSET standard_conforming_strings = on[0m
  [4;36;1mSQL (0.2ms)[0m   [0;1mSET client_min_messages TO 'notice'[0m


Processing UsersController#index (for 127.0.0.1 at 2010-05-26 14:03:35) [GET]
  Parameters: {"action"=>"index", "controller"=>"users"}

ActionController::UnknownAction (No action responded to index. Actions: create, edit, new, and update):
  

Rendering rescues/layout (not_found)
  [4;35;1mSQL (0.1ms)[0m   [0mSET client_min_messages TO 'panic'[0m
  [4;36;1mSQL (0.1ms)[0m   [0;1mSET standard_conforming_strings = on[0m
  [4;35;1mSQL (0.1ms)[0m   [0mSET client_min_messages TO 'notice'[0m


Processing UsersController#new (for 127.0.0.1 at 2010-05-26 14:03:37) [GET]
  Parameters: {"action"=>"new", "controller"=>"users"}
Rendering template within layouts/application
Rendering users/new

ActionView::TemplateError (undefined method `title' for #<ActionView::Base:0x10342c030>) on line #1 of app/views/users/new.html.erb:
1: <% title "New User" %>
2: 
3: <%= render :partial => 'form' %>

    app/views/users/new.html.erb:1

Rendered rescues/_trace (113.7ms)
Rendered rescues/_request_and_response (1.0ms)
Rendering rescues/layout (internal_server_error)
  [4;36;1mSQL (0.1ms)[0m   [0;1mSET client_min_messages TO 'panic'[0m
  [4;35;1mSQL (0.1ms)[0m   [0mSET standard_conforming_strings = on[0m
  [4;36;1mSQL (0.1ms)[0m   [0;1mSET client_min_messages TO 'notice'[0m


Processing UsersController#new (for 127.0.0.1 at 2010-05-26 14:04:40) [GET]
  Parameters: {"action"=>"new", "controller"=>"users"}
Rendering template within layouts/application
Rendering users/new

ActionView::TemplateError (undefined method `title' for #<ActionView::Base:0x10363e1e8>) on line #1 of app/views/users/new.html.erb:
1: <% title "New User" %>
2: 
3: <%= render :partial => 'form' %>

    app/views/users/new.html.erb:1

Rendered rescues/_trace (62.7ms)
Rendered rescues/_request_and_response (0.2ms)
Rendering rescues/layout (internal_server_error)
  [4;35;1mSQL (0.1ms)[0m   [0mSET client_min_messages TO 'panic'[0m
  [4;36;1mSQL (0.1ms)[0m   [0;1mSET standard_conforming_strings = on[0m
  [4;35;1mSQL (0.1ms)[0m   [0mSET client_min_messages TO 'notice'[0m


Processing UsersController#new (for 127.0.0.1 at 2010-05-26 14:05:42) [GET]
  Parameters: {"action"=>"new", "controller"=>"users"}
Rendering template within layouts/application
Rendering users/new

ActionView::TemplateError (undefined method `password_confirmation' for #<User:0x103130a98>) on line #18 of app/views/users/_form.html.erb:
15: 
16: 	<p>
17:     <%= f.label :password_confirmation %><br />
18:     <%= f.password_field :password_confirmation %>
19:   </p>
20:   <p><%= f.submit %></p>
21: <% end %>

    app/views/users/_form.html.erb:18
    app/views/users/_form.html.erb:1
    app/views/users/new.html.erb:3

Rendered rescues/_trace (59.6ms)
Rendered rescues/_request_and_response (0.2ms)
Rendering rescues/layout (internal_server_error)
  [4;36;1mSQL (0.1ms)[0m   [0;1mSET client_min_messages TO 'panic'[0m
  [4;35;1mSQL (0.1ms)[0m   [0mSET standard_conforming_strings = on[0m
  [4;36;1mSQL (0.1ms)[0m   [0;1mSET client_min_messages TO 'notice'[0m


Processing UsersController#new (for 127.0.0.1 at 2010-05-26 14:05:43) [GET]
  Parameters: {"action"=>"new", "controller"=>"users"}
Rendering template within layouts/application
Rendering users/new

ActionView::TemplateError (undefined method `password_confirmation' for #<User:0x10312fcb0>) on line #18 of app/views/users/_form.html.erb:
15: 
16: 	<p>
17:     <%= f.label :password_confirmation %><br />
18:     <%= f.password_field :password_confirmation %>
19:   </p>
20:   <p><%= f.submit %></p>
21: <% end %>

    app/views/users/_form.html.erb:18
    app/views/users/_form.html.erb:1
    app/views/users/new.html.erb:3

Rendered rescues/_trace (136.5ms)
Rendered rescues/_request_and_response (0.3ms)
Rendering rescues/layout (internal_server_error)
  [4;35;1mSQL (0.1ms)[0m   [0mSET client_min_messages TO 'panic'[0m
  [4;36;1mSQL (0.2ms)[0m   [0;1mSET standard_conforming_strings = on[0m
  [4;35;1mSQL (0.6ms)[0m   [0mSET client_min_messages TO 'notice'[0m


Processing UsersController#new (for 127.0.0.1 at 2010-05-26 14:05:55) [GET]
  Parameters: {"action"=>"new", "controller"=>"users"}
Rendering template within layouts/application
Rendering users/new

ActionView::TemplateError (undefined method `password_confirmation' for #<User:0x10321c470>) on line #18 of app/views/users/_form.html.erb:
15: 
16: 	<p>
17:     <%= f.label :password_confirmation %><br />
18:     <%= f.password_field :password_confirmation %>
19:   </p>
20:   <p><%= f.submit %></p>
21: <% end %>

    app/views/users/_form.html.erb:18
    app/views/users/_form.html.erb:1
    app/views/users/new.html.erb:3

Rendered rescues/_trace (172.9ms)
Rendered rescues/_request_and_response (0.2ms)
Rendering rescues/layout (internal_server_error)
  [4;36;1mSQL (0.1ms)[0m   [0;1mSET client_min_messages TO 'panic'[0m
  [4;35;1mSQL (0.1ms)[0m   [0mSET standard_conforming_strings = on[0m
  [4;36;1mSQL (0.2ms)[0m   [0;1mSET client_min_messages TO 'notice'[0m


Processing UsersController#new (for 127.0.0.1 at 2010-05-26 14:05:56) [GET]
  Parameters: {"action"=>"new", "controller"=>"users"}
Rendering template within layouts/application
Rendering users/new

ActionView::TemplateError (undefined method `password_confirmation' for #<User:0x1032fa860>) on line #18 of app/views/users/_form.html.erb:
15: 
16: 	<p>
17:     <%= f.label :password_confirmation %><br />
18:     <%= f.password_field :password_confirmation %>
19:   </p>
20:   <p><%= f.submit %></p>
21: <% end %>

    app/views/users/_form.html.erb:18
    app/views/users/_form.html.erb:1
    app/views/users/new.html.erb:3

Rendered rescues/_trace (207.4ms)
Rendered rescues/_request_and_response (0.3ms)
Rendering rescues/layout (internal_server_error)
  [4;36;1mSQL (0.1ms)[0m   [0;1mSET client_min_messages TO 'panic'[0m
  [4;35;1mSQL (0.1ms)[0m   [0mSET standard_conforming_strings = on[0m
  [4;36;1mSQL (0.1ms)[0m   [0;1mSET client_min_messages TO 'notice'[0m


Processing UsersController#new (for 127.0.0.1 at 2010-05-26 14:07:11) [GET]
  Parameters: {"action"=>"new", "controller"=>"users"}
Rendering template within layouts/application
Rendering users/new

ActionView::TemplateError (undefined method `password_confirmation' for #<User:0x10355a240>) on line #18 of app/views/users/_form.html.erb:
15: 
16: 	<p>
17:     <%= f.label :password_confirmation %><br />
18:     <%= f.password_field :password_confirmation %>
19:   </p>
20:   <p><%= f.submit %></p>
21: <% end %>

    app/views/users/_form.html.erb:18
    app/views/users/_form.html.erb:1
    app/views/users/new.html.erb:3

Rendered rescues/_trace (147.6ms)
Rendered rescues/_request_and_response (1.0ms)
Rendering rescues/layout (internal_server_error)
  [4;35;1mSQL (0.1ms)[0m   [0mSET client_min_messages TO 'panic'[0m
  [4;36;1mSQL (0.1ms)[0m   [0;1mSET standard_conforming_strings = on[0m
  [4;35;1mSQL (0.1ms)[0m   [0mSET client_min_messages TO 'notice'[0m


Processing UsersController#new (for 127.0.0.1 at 2010-05-26 14:07:12) [GET]
  Parameters: {"action"=>"new", "controller"=>"users"}
Rendering template within layouts/application
Rendering users/new

ActionView::TemplateError (undefined method `password_confirmation' for #<User:0x103535ff8>) on line #18 of app/views/users/_form.html.erb:
15: 
16: 	<p>
17:     <%= f.label :password_confirmation %><br />
18:     <%= f.password_field :password_confirmation %>
19:   </p>
20:   <p><%= f.submit %></p>
21: <% end %>

    app/views/users/_form.html.erb:18
    app/views/users/_form.html.erb:1
    app/views/users/new.html.erb:3

Rendered rescues/_trace (63.0ms)
Rendered rescues/_request_and_response (0.3ms)
Rendering rescues/layout (internal_server_error)
  [4;36;1mSQL (0.1ms)[0m   [0;1mSET client_min_messages TO 'panic'[0m
  [4;35;1mSQL (0.1ms)[0m   [0mSET standard_conforming_strings = on[0m
  [4;36;1mSQL (0.1ms)[0m   [0;1mSET client_min_messages TO 'notice'[0m


Processing UsersController#new (for 127.0.0.1 at 2010-05-26 14:07:13) [GET]
  Parameters: {"action"=>"new", "controller"=>"users"}
Rendering template within layouts/application
Rendering users/new

ActionView::TemplateError (undefined method `password_confirmation' for #<User:0x103624018>) on line #18 of app/views/users/_form.html.erb:
15: 
16: 	<p>
17:     <%= f.label :password_confirmation %><br />
18:     <%= f.password_field :password_confirmation %>
19:   </p>
20:   <p><%= f.submit %></p>
21: <% end %>

    app/views/users/_form.html.erb:18
    app/views/users/_form.html.erb:1
    app/views/users/new.html.erb:3

Rendered rescues/_trace (66.7ms)
Rendered rescues/_request_and_response (0.3ms)
Rendering rescues/layout (internal_server_error)
  [4;36;1mSQL (0.1ms)[0m   [0;1mSET client_min_messages TO 'panic'[0m
  [4;35;1mSQL (0.1ms)[0m   [0mSET standard_conforming_strings = on[0m
  [4;36;1mSQL (0.1ms)[0m   [0;1mSET client_min_messages TO 'notice'[0m
  [4;35;1mSQL (3.9ms)[0m   [0mCREATE TABLE "schema_migrations" ("version" character varying(255) NOT NULL) [0m
  [4;36;1mSQL (1.5ms)[0m   [0;1mCREATE UNIQUE INDEX "unique_schema_migrations" ON "schema_migrations" ("version")[0m
  [4;35;1mSQL (0.2ms)[0m   [0mSELECT version FROM schema_migrations[0m
Migrating to CreateUsers (20100526115225)
  [4;36;1mSQL (0.1ms)[0m   [0;1mBEGIN[0m
  [4;35;1mSQL (5.6ms)[0m   [0mCREATE TABLE "users" ("id" serial primary key, "username" character varying(255), "crypted_password" character varying(255) NOT NULL, "password_salt" character varying(255) NOT NULL, "persistence_token" character varying(255) NOT NULL, "single_access_token" character varying(255) NOT NULL, "perishable_token" character varying(255) NOT NULL, "login_count" integer DEFAULT 0 NOT NULL, "failed_login_count" integer DEFAULT 0 NOT NULL, "last_request_at" timestamp, "current_login_at" timestamp, "last_login_at" timestamp, "current_login_ip" character varying(255), "last_login_ip" character varying(255), "created_at" timestamp, "updated_at" timestamp) [0m
  [4;36;1mSQL (0.5ms)[0m   [0;1mINSERT INTO schema_migrations (version) VALUES ('20100526115225')[0m
  [4;35;1mSQL (1.1ms)[0m   [0mCOMMIT[0m
  [4;36;1mSQL (0.4ms)[0m   [0;1mSELECT version FROM schema_migrations[0m
  [4;36;1mSQL (0.1ms)[0m   [0;1mSET client_min_messages TO 'panic'[0m
  [4;35;1mSQL (0.1ms)[0m   [0mSET standard_conforming_strings = on[0m
  [4;36;1mSQL (0.1ms)[0m   [0;1mSET client_min_messages TO 'notice'[0m


Processing UsersController#new (for 127.0.0.1 at 2010-05-26 14:10:42) [GET]
  Parameters: {"action"=>"new", "controller"=>"users"}
Rendering template within layouts/application
Rendering users/new

ActionView::TemplateError (undefined method `email' for #<User:0x10354d158>) on line #9 of app/views/users/_form.html.erb:
6:   </p>
7:   <p>
8:     <%= f.label :email %><br />
9:     <%= f.text_field :email %>
10:   </p>
11:   <p>
12:     <%= f.label :password %><br />

    app/views/users/_form.html.erb:9
    app/views/users/_form.html.erb:1
    app/views/users/new.html.erb:3

Rendered rescues/_trace (124.8ms)
Rendered rescues/_request_and_response (0.9ms)
Rendering rescues/layout (internal_server_error)
  [4;35;1mSQL (0.1ms)[0m   [0mSET client_min_messages TO 'panic'[0m
  [4;36;1mSQL (0.1ms)[0m   [0;1mSET standard_conforming_strings = on[0m
  [4;35;1mSQL (0.1ms)[0m   [0mSET client_min_messages TO 'notice'[0m


Processing UsersController#new (for 127.0.0.1 at 2010-05-26 14:10:43) [GET]
  Parameters: {"action"=>"new", "controller"=>"users"}
Rendering template within layouts/application
Rendering users/new

ActionView::TemplateError (undefined method `email' for #<User:0x1034fe9e0>) on line #9 of app/views/users/_form.html.erb:
6:   </p>
7:   <p>
8:     <%= f.label :email %><br />
9:     <%= f.text_field :email %>
10:   </p>
11:   <p>
12:     <%= f.label :password %><br />

    app/views/users/_form.html.erb:9
    app/views/users/_form.html.erb:1
    app/views/users/new.html.erb:3

Rendered rescues/_trace (127.1ms)
Rendered rescues/_request_and_response (0.3ms)
Rendering rescues/layout (internal_server_error)
  [4;36;1mSQL (0.1ms)[0m   [0;1mSET client_min_messages TO 'panic'[0m
  [4;35;1mSQL (0.1ms)[0m   [0mSET standard_conforming_strings = on[0m
  [4;36;1mSQL (0.1ms)[0m   [0;1mSET client_min_messages TO 'notice'[0m


Processing UsersController#new (for 127.0.0.1 at 2010-05-26 14:10:43) [GET]
  Parameters: {"action"=>"new", "controller"=>"users"}
Rendering template within layouts/application
Rendering users/new

ActionView::TemplateError (undefined method `email' for #<User:0x1035f28d8>) on line #9 of app/views/users/_form.html.erb:
6:   </p>
7:   <p>
8:     <%= f.label :email %><br />
9:     <%= f.text_field :email %>
10:   </p>
11:   <p>
12:     <%= f.label :password %><br />

    app/views/users/_form.html.erb:9
    app/views/users/_form.html.erb:1
    app/views/users/new.html.erb:3

Rendered rescues/_trace (51.8ms)
Rendered rescues/_request_and_response (0.3ms)
Rendering rescues/layout (internal_server_error)
  [4;35;1mSQL (0.1ms)[0m   [0mSET client_min_messages TO 'panic'[0m
  [4;36;1mSQL (0.1ms)[0m   [0;1mSET standard_conforming_strings = on[0m
  [4;35;1mSQL (0.1ms)[0m   [0mSET client_min_messages TO 'notice'[0m


Processing UsersController#new (for 127.0.0.1 at 2010-05-26 14:10:43) [GET]
  Parameters: {"action"=>"new", "controller"=>"users"}
Rendering template within layouts/application
Rendering users/new

ActionView::TemplateError (undefined method `email' for #<User:0x10368e0f8>) on line #9 of app/views/users/_form.html.erb:
6:   </p>
7:   <p>
8:     <%= f.label :email %><br />
9:     <%= f.text_field :email %>
10:   </p>
11:   <p>
12:     <%= f.label :password %><br />

    app/views/users/_form.html.erb:9
    app/views/users/_form.html.erb:1
    app/views/users/new.html.erb:3

Rendered rescues/_trace (54.2ms)
Rendered rescues/_request_and_response (0.2ms)
Rendering rescues/layout (internal_server_error)
  [4;36;1mSQL (0.1ms)[0m   [0;1mSET client_min_messages TO 'panic'[0m
  [4;35;1mSQL (0.1ms)[0m   [0mSET standard_conforming_strings = on[0m
  [4;36;1mSQL (0.1ms)[0m   [0;1mSET client_min_messages TO 'notice'[0m


Processing UsersController#new (for 127.0.0.1 at 2010-05-26 14:10:43) [GET]
  Parameters: {"action"=>"new", "controller"=>"users"}
Rendering template within layouts/application
Rendering users/new

ActionView::TemplateError (undefined method `email' for #<User:0x1030913a8>) on line #9 of app/views/users/_form.html.erb:
6:   </p>
7:   <p>
8:     <%= f.label :email %><br />
9:     <%= f.text_field :email %>
10:   </p>
11:   <p>
12:     <%= f.label :password %><br />

    app/views/users/_form.html.erb:9
    app/views/users/_form.html.erb:1
    app/views/users/new.html.erb:3

Rendered rescues/_trace (67.1ms)
Rendered rescues/_request_and_response (0.2ms)
Rendering rescues/layout (internal_server_error)
  [4;35;1mSQL (0.1ms)[0m   [0mSET client_min_messages TO 'panic'[0m
  [4;36;1mSQL (0.1ms)[0m   [0;1mSET standard_conforming_strings = on[0m
  [4;35;1mSQL (0.1ms)[0m   [0mSET client_min_messages TO 'notice'[0m


Processing UsersController#new (for 127.0.0.1 at 2010-05-26 14:10:44) [GET]
  Parameters: {"action"=>"new", "controller"=>"users"}
Rendering template within layouts/application
Rendering users/new

ActionView::TemplateError (undefined method `email' for #<User:0x1031085c0>) on line #9 of app/views/users/_form.html.erb:
6:   </p>
7:   <p>
8:     <%= f.label :email %><br />
9:     <%= f.text_field :email %>
10:   </p>
11:   <p>
12:     <%= f.label :password %><br />

    app/views/users/_form.html.erb:9
    app/views/users/_form.html.erb:1
    app/views/users/new.html.erb:3

Rendered rescues/_trace (51.9ms)
Rendered rescues/_request_and_response (0.2ms)
Rendering rescues/layout (internal_server_error)
  [4;36;1mSQL (0.1ms)[0m   [0;1mSET client_min_messages TO 'panic'[0m
  [4;35;1mSQL (0.1ms)[0m   [0mSET standard_conforming_strings = on[0m
  [4;36;1mSQL (0.1ms)[0m   [0;1mSET client_min_messages TO 'notice'[0m
  [4;35;1mSQL (3.8ms)[0m   [0mCREATE TABLE "schema_migrations" ("version" character varying(255) NOT NULL) [0m
  [4;36;1mSQL (1.7ms)[0m   [0;1mCREATE UNIQUE INDEX "unique_schema_migrations" ON "schema_migrations" ("version")[0m
  [4;35;1mSQL (0.2ms)[0m   [0mSELECT version FROM schema_migrations[0m
Migrating to CreateUsers (20100526115225)
  [4;36;1mSQL (0.1ms)[0m   [0;1mBEGIN[0m
  [4;35;1mSQL (5.5ms)[0m   [0mCREATE TABLE "users" ("id" serial primary key, "username" character varying(255), "crypted_password" character varying(255) NOT NULL, "password_salt" character varying(255) NOT NULL, "persistence_token" character varying(255) NOT NULL, "single_access_token" character varying(255) NOT NULL, "perishable_token" character varying(255) NOT NULL, "login_count" integer DEFAULT 0 NOT NULL, "failed_login_count" integer DEFAULT 0 NOT NULL, "last_request_at" timestamp, "current_login_at" timestamp, "last_login_at" timestamp, "current_login_ip" character varying(255), "last_login_ip" character varying(255), "email" character varying(255), "created_at" timestamp, "updated_at" timestamp) [0m
  [4;36;1mSQL (0.5ms)[0m   [0;1mINSERT INTO schema_migrations (version) VALUES ('20100526115225')[0m
  [4;35;1mSQL (1.2ms)[0m   [0mCOMMIT[0m
  [4;36;1mSQL (0.4ms)[0m   [0;1mSELECT version FROM schema_migrations[0m
  [4;36;1mSQL (0.1ms)[0m   [0;1mSET client_min_messages TO 'panic'[0m
  [4;35;1mSQL (0.1ms)[0m   [0mSET standard_conforming_strings = on[0m
  [4;36;1mSQL (0.1ms)[0m   [0;1mSET client_min_messages TO 'notice'[0m


Processing UsersController#new (for 127.0.0.1 at 2010-05-26 14:11:09) [GET]
  Parameters: {"action"=>"new", "controller"=>"users"}
Rendering template within layouts/application
Rendering users/new
Rendered users/_form (6.8ms)
Completed in 35ms (View: 21, DB: 0) | 200 OK [http://localhost/users/new]
  [4;35;1mSQL (0.1ms)[0m   [0mSET client_min_messages TO 'panic'[0m
  [4;36;1mSQL (0.1ms)[0m   [0;1mSET standard_conforming_strings = on[0m
  [4;35;1mSQL (0.1ms)[0m   [0mSET client_min_messages TO 'notice'[0m


Processing UsersController#new (for 127.0.0.1 at 2010-05-26 14:11:10) [GET]
  Parameters: {"action"=>"new", "controller"=>"users"}
Rendering template within layouts/application
Rendering users/new
Rendered users/_form (5.2ms)
Completed in 20ms (View: 9, DB: 0) | 200 OK [http://localhost/users/new]
  [4;36;1mSQL (0.1ms)[0m   [0;1mSET client_min_messages TO 'panic'[0m
  [4;35;1mSQL (0.1ms)[0m   [0mSET standard_conforming_strings = on[0m
  [4;36;1mSQL (0.1ms)[0m   [0;1mSET client_min_messages TO 'notice'[0m


Processing UsersController#new (for 127.0.0.1 at 2010-05-26 14:11:12) [GET]
  Parameters: {"action"=>"new", "controller"=>"users"}
Rendering template within layouts/application
Rendering users/new
Rendered users/_form (5.3ms)
Completed in 19ms (View: 9, DB: 0) | 200 OK [http://localhost/users/new]
  [4;35;1mSQL (0.1ms)[0m   [0mSET client_min_messages TO 'panic'[0m
  [4;36;1mSQL (0.1ms)[0m   [0;1mSET standard_conforming_strings = on[0m
  [4;35;1mSQL (0.1ms)[0m   [0mSET client_min_messages TO 'notice'[0m


Processing UsersController#new (for 127.0.0.1 at 2010-05-26 14:11:12) [GET]
  Parameters: {"action"=>"new", "controller"=>"users"}
Rendering template within layouts/application
Rendering users/new
Rendered users/_form (5.1ms)
Completed in 85ms (View: 9, DB: 0) | 200 OK [http://localhost/users/new]
  [4;36;1mSQL (0.4ms)[0m   [0;1mSET client_min_messages TO 'panic'[0m
  [4;35;1mSQL (0.1ms)[0m   [0mSET standard_conforming_strings = on[0m
  [4;36;1mSQL (0.1ms)[0m   [0;1mSET client_min_messages TO 'notice'[0m


Processing UsersController#new (for 127.0.0.1 at 2010-05-26 14:11:13) [GET]
  Parameters: {"action"=>"new", "controller"=>"users"}
Rendering template within layouts/application
Rendering users/new
Rendered users/_form (5.3ms)
Completed in 20ms (View: 9, DB: 1) | 200 OK [http://localhost/users/new]
  [4;35;1mSQL (0.7ms)[0m   [0mSET client_min_messages TO 'panic'[0m
  [4;36;1mSQL (0.1ms)[0m   [0;1mSET standard_conforming_strings = on[0m
  [4;35;1mSQL (0.1ms)[0m   [0mSET client_min_messages TO 'notice'[0m


Processing UsersController#new (for 127.0.0.1 at 2010-05-26 14:11:13) [GET]
  Parameters: {"action"=>"new", "controller"=>"users"}
Rendering template within layouts/application
Rendering users/new
Rendered users/_form (6.4ms)
Completed in 24ms (View: 10, DB: 1) | 200 OK [http://localhost/users/new]
  [4;36;1mSQL (0.1ms)[0m   [0;1mSET client_min_messages TO 'panic'[0m
  [4;35;1mSQL (0.1ms)[0m   [0mSET standard_conforming_strings = on[0m
  [4;36;1mSQL (0.1ms)[0m   [0;1mSET client_min_messages TO 'notice'[0m


Processing UsersController#new (for 127.0.0.1 at 2010-05-26 14:11:13) [GET]
  Parameters: {"action"=>"new", "controller"=>"users"}
Rendering template within layouts/application
Rendering users/new
Rendered users/_form (5.2ms)
Completed in 20ms (View: 9, DB: 0) | 200 OK [http://localhost/users/new]
  [4;35;1mSQL (0.1ms)[0m   [0mSET client_min_messages TO 'panic'[0m
  [4;36;1mSQL (0.1ms)[0m   [0;1mSET standard_conforming_strings = on[0m
  [4;35;1mSQL (0.1ms)[0m   [0mSET client_min_messages TO 'notice'[0m


Processing UsersController#new (for 127.0.0.1 at 2010-05-26 14:11:13) [GET]
  Parameters: {"action"=>"new", "controller"=>"users"}
Rendering template within layouts/application
Rendering users/new
Rendered users/_form (5.3ms)
Completed in 20ms (View: 9, DB: 0) | 200 OK [http://localhost/users/new]
  [4;36;1mSQL (0.1ms)[0m   [0;1mSET client_min_messages TO 'panic'[0m
  [4;35;1mSQL (0.1ms)[0m   [0mSET standard_conforming_strings = on[0m
  [4;36;1mSQL (0.1ms)[0m   [0;1mSET client_min_messages TO 'notice'[0m


Processing UserSessionsController#new (for 127.0.0.1 at 2010-05-26 14:11:15) [GET]
  Parameters: {"action"=>"new", "controller"=>"user_sessions"}
Rendering template within layouts/application
Rendering user_sessions/new
Completed in 88ms (View: 8, DB: 0) | 200 OK [http://localhost/login]
  [4;35;1mSQL (0.1ms)[0m   [0mSET client_min_messages TO 'panic'[0m
  [4;36;1mSQL (0.1ms)[0m   [0;1mSET standard_conforming_strings = on[0m
  [4;35;1mSQL (0.1ms)[0m   [0mSET client_min_messages TO 'notice'[0m


Processing UsersController#new (for 127.0.0.1 at 2010-05-26 14:11:16) [GET]
  Parameters: {"action"=>"new", "controller"=>"users"}
Rendering template within layouts/application
Rendering users/new
Rendered users/_form (5.2ms)
Completed in 19ms (View: 9, DB: 0) | 200 OK [http://localhost/users/new]
  [4;36;1mSQL (0.1ms)[0m   [0;1mSET client_min_messages TO 'panic'[0m
  [4;35;1mSQL (0.1ms)[0m   [0mSET standard_conforming_strings = on[0m
  [4;36;1mSQL (0.1ms)[0m   [0;1mSET client_min_messages TO 'notice'[0m


Processing UserSessionsController#new (for 127.0.0.1 at 2010-05-26 14:11:17) [GET]
  Parameters: {"action"=>"new", "controller"=>"user_sessions"}
Rendering template within layouts/application
Rendering user_sessions/new
Completed in 16ms (View: 4, DB: 0) | 200 OK [http://localhost/login]
  [4;35;1mSQL (0.1ms)[0m   [0mSET client_min_messages TO 'panic'[0m
  [4;36;1mSQL (0.1ms)[0m   [0;1mSET standard_conforming_strings = on[0m
  [4;35;1mSQL (0.1ms)[0m   [0mSET client_min_messages TO 'notice'[0m


Processing UsersController#new (for 127.0.0.1 at 2010-05-26 14:11:18) [GET]
  Parameters: {"action"=>"new", "controller"=>"users"}
Rendering template within layouts/application
Rendering users/new
Rendered users/_form (8.0ms)
Completed in 23ms (View: 12, DB: 0) | 200 OK [http://localhost/users/new]
  [4;36;1mSQL (0.1ms)[0m   [0;1mSET client_min_messages TO 'panic'[0m
  [4;35;1mSQL (0.1ms)[0m   [0mSET standard_conforming_strings = on[0m
  [4;36;1mSQL (0.1ms)[0m   [0;1mSET client_min_messages TO 'notice'[0m


Processing UserSessionsController#new (for 127.0.0.1 at 2010-05-26 14:11:19) [GET]
  Parameters: {"action"=>"new", "controller"=>"user_sessions"}
Rendering template within layouts/application
Rendering user_sessions/new
Completed in 16ms (View: 4, DB: 0) | 200 OK [http://localhost/login]
  [4;35;1mSQL (0.1ms)[0m   [0mSET client_min_messages TO 'panic'[0m
  [4;36;1mSQL (0.1ms)[0m   [0;1mSET standard_conforming_strings = on[0m
  [4;35;1mSQL (0.1ms)[0m   [0mSET client_min_messages TO 'notice'[0m


Processing UsersController#new (for 127.0.0.1 at 2010-05-26 14:11:20) [GET]
  Parameters: {"action"=>"new", "controller"=>"users"}
Rendering template within layouts/application
Rendering users/new
Rendered users/_form (5.2ms)
Completed in 19ms (View: 8, DB: 0) | 200 OK [http://localhost/users/new]
  [4;36;1mSQL (0.1ms)[0m   [0;1mSET client_min_messages TO 'panic'[0m
  [4;35;1mSQL (0.1ms)[0m   [0mSET standard_conforming_strings = on[0m
  [4;36;1mSQL (0.1ms)[0m   [0;1mSET client_min_messages TO 'notice'[0m


Processing UsersController#new (for 127.0.0.1 at 2010-05-26 14:12:02) [GET]
  Parameters: {"action"=>"new", "controller"=>"users"}
Rendering template within layouts/application
Rendering users/new
Rendered users/_form (5.8ms)
Completed in 25ms (View: 15, DB: 0) | 200 OK [http://localhost/users/new]
  [4;35;1mSQL (0.1ms)[0m   [0mSET client_min_messages TO 'panic'[0m
  [4;36;1mSQL (0.1ms)[0m   [0;1mSET standard_conforming_strings = on[0m
  [4;35;1mSQL (0.1ms)[0m   [0mSET client_min_messages TO 'notice'[0m


Processing UsersController#new (for 127.0.0.1 at 2010-05-26 14:12:06) [GET]
  Parameters: {"action"=>"new", "controller"=>"users"}
Rendering template within layouts/application
Rendering users/new
Rendered users/_form (5.1ms)
Completed in 22ms (View: 11, DB: 0) | 200 OK [http://localhost/users/new]
  [4;36;1mSQL (0.1ms)[0m   [0;1mSET client_min_messages TO 'panic'[0m
  [4;35;1mSQL (0.1ms)[0m   [0mSET standard_conforming_strings = on[0m
  [4;36;1mSQL (0.1ms)[0m   [0;1mSET client_min_messages TO 'notice'[0m


Processing UsersController#new (for 127.0.0.1 at 2010-05-26 14:12:07) [GET]
  Parameters: {"action"=>"new", "controller"=>"users"}
Rendering template within layouts/application
Rendering users/new
Rendered users/_form (5.2ms)
Completed in 19ms (View: 9, DB: 0) | 200 OK [http://localhost/users/new]
  [4;35;1mSQL (0.1ms)[0m   [0mSET client_min_messages TO 'panic'[0m
  [4;36;1mSQL (0.1ms)[0m   [0;1mSET standard_conforming_strings = on[0m
  [4;35;1mSQL (0.1ms)[0m   [0mSET client_min_messages TO 'notice'[0m


Processing UsersController#new (for 127.0.0.1 at 2010-05-26 14:12:07) [GET]
  Parameters: {"action"=>"new", "controller"=>"users"}
Rendering template within layouts/application
Rendering users/new
Rendered users/_form (5.2ms)
Completed in 88ms (View: 9, DB: 0) | 200 OK [http://localhost/users/new]
  [4;36;1mSQL (0.1ms)[0m   [0;1mSET client_min_messages TO 'panic'[0m
  [4;35;1mSQL (0.1ms)[0m   [0mSET standard_conforming_strings = on[0m
  [4;36;1mSQL (0.1ms)[0m   [0;1mSET client_min_messages TO 'notice'[0m


Processing UsersController#new (for 127.0.0.1 at 2010-05-26 14:12:23) [GET]
  Parameters: {"action"=>"new", "controller"=>"users"}
Rendering template within layouts/application
Rendering users/new
Rendered users/_form (5.2ms)
Completed in 25ms (View: 15, DB: 0) | 200 OK [http://localhost/users/new]
  [4;35;1mSQL (0.1ms)[0m   [0mSET client_min_messages TO 'panic'[0m
  [4;36;1mSQL (0.1ms)[0m   [0;1mSET standard_conforming_strings = on[0m
  [4;35;1mSQL (0.1ms)[0m   [0mSET client_min_messages TO 'notice'[0m


Processing UsersController#create (for 127.0.0.1 at 2010-05-26 14:12:26) [POST]
  Parameters: {"commit"=>"Save changes", "action"=>"create", "authenticity_token"=>"ezyXdRztPqErDrzPXlUphia2lKC3xZqCfGHV3/gs3DY=", "controller"=>"users", "user"=>{"password_confirmation"=>"[FILTERED]", "username"=>"", "password"=>"[FILTERED]", "email"=>""}}
  [4;36;1mSQL (0.1ms)[0m   [0;1mBEGIN[0m
  [4;35;1mUser Load (0.7ms)[0m   [0mSELECT "users".id FROM "users" WHERE (LOWER("users"."email") = '') LIMIT 1[0m
  [4;36;1mUser Load (0.1ms)[0m   [0;1mSELECT "users".id FROM "users" WHERE (LOWER("users"."username") = '') LIMIT 1[0m
  [4;35;1mUser Load (0.4ms)[0m   [0mSELECT "users".id FROM "users" WHERE ("users"."persistence_token" = '5de2767166390f3586e8c4bf503ed086f7fd885bbe1a615c8871d51c94e4c1241de945fab7135f4d039f2e028d8965f5ee142a6029b42726a3f1f275043eaafd') LIMIT 1[0m
  [4;36;1mUser Load (0.1ms)[0m   [0;1mSELECT "users".id FROM "users" WHERE ("users"."single_access_token" = 'a_oJGylEMTSwfvK3SWYV') LIMIT 1[0m
  [4;35;1mSQL (0.1ms)[0m   [0mROLLBACK[0m
Rendering template within layouts/application
Rendering users/new
Rendered users/_form (15.7ms)
Completed in 38ms (View: 19, DB: 2) | 200 OK [http://localhost/users]
  [4;36;1mSQL (0.1ms)[0m   [0;1mSET client_min_messages TO 'panic'[0m
  [4;35;1mSQL (0.1ms)[0m   [0mSET standard_conforming_strings = on[0m
  [4;36;1mSQL (0.1ms)[0m   [0;1mSET client_min_messages TO 'notice'[0m


Processing UsersController#create (for 127.0.0.1 at 2010-05-26 14:12:37) [POST]
  Parameters: {"commit"=>"Save changes", "action"=>"create", "authenticity_token"=>"ezyXdRztPqErDrzPXlUphia2lKC3xZqCfGHV3/gs3DY=", "controller"=>"users", "user"=>{"password_confirmation"=>"[FILTERED]", "username"=>"simon", "password"=>"[FILTERED]", "email"=>"simon@japancentre.com"}}
  [4;35;1mSQL (0.2ms)[0m   [0mBEGIN[0m
  [4;36;1mUser Load (0.8ms)[0m   [0;1mSELECT "users".id FROM "users" WHERE (LOWER("users"."email") = 'simon@japancentre.com') LIMIT 1[0m
  [4;35;1mUser Load (0.2ms)[0m   [0mSELECT "users".id FROM "users" WHERE (LOWER("users"."username") = 'simon') LIMIT 1[0m
  [4;36;1mUser Load (0.4ms)[0m   [0;1mSELECT "users".id FROM "users" WHERE ("users"."persistence_token" = 'be15637008530bcce30f23b3208fee7ddf07052dcebe973ca8efe8e9df872a9302ab9d24029188fb86eb468f7acc61257cfe7d8d3eab7c0c20cca51caf9cd554') LIMIT 1[0m
  [4;35;1mUser Load (0.1ms)[0m   [0mSELECT "users".id FROM "users" WHERE ("users"."single_access_token" = 'B_GZdKdtn4u7WXHP0tJH') LIMIT 1[0m
  [4;36;1mSQL (0.8ms)[0m   [0;1mINSERT INTO "users" ("single_access_token", "last_request_at", "created_at", "crypted_password", "perishable_token", "updated_at", "username", "failed_login_count", "current_login_ip", "password_salt", "current_login_at", "persistence_token", "login_count", "last_login_ip", "last_login_at", "email") VALUES('B_GZdKdtn4u7WXHP0tJH', '2010-05-26 12:12:37.656821', '2010-05-26 12:12:37.657491', '5b4082f445abaaa49d4f2431f47875e743d30d545382f254f2470613fa84c8c904466e4a4496b5080765323ee5188c181f4ded8345dd6383595f9eda54e6be65', '75OfOKkJRtwq67tA3wD4', '2010-05-26 12:12:37.657491', 'simon', 0, '127.0.0.1', 'YyXFvhtlO7_Hi2x4XxTj', '2010-05-26 12:12:37.651240', 'be15637008530bcce30f23b3208fee7ddf07052dcebe973ca8efe8e9df872a9302ab9d24029188fb86eb468f7acc61257cfe7d8d3eab7c0c20cca51caf9cd554', 1, NULL, NULL, 'simon@japancentre.com') RETURNING "id"[0m
  [4;35;1mSQL (0.6ms)[0m   [0mCOMMIT[0m

NameError (undefined local variable or method `root_url' for #<UsersController:0x1031cd578>):
  app/controllers/users_controller.rb:10:in `create'

Rendered rescues/_trace (34.8ms)
Rendered rescues/_request_and_response (1.1ms)
Rendering rescues/layout (internal_server_error)
  [4;36;1mSQL (0.1ms)[0m   [0;1mSET client_min_messages TO 'panic'[0m
  [4;35;1mSQL (0.1ms)[0m   [0mSET standard_conforming_strings = on[0m
  [4;36;1mSQL (0.1ms)[0m   [0;1mSET client_min_messages TO 'notice'[0m


Processing UsersController#create (for 127.0.0.1 at 2010-05-26 14:15:47) [POST]
  Parameters: {"commit"=>"Save changes", "action"=>"create", "authenticity_token"=>"ezyXdRztPqErDrzPXlUphia2lKC3xZqCfGHV3/gs3DY=", "controller"=>"users", "user"=>{"password_confirmation"=>"[FILTERED]", "username"=>"simon", "password"=>"[FILTERED]", "email"=>"simon@japancentre.com"}}
  [4;35;1mSQL (0.1ms)[0m   [0mBEGIN[0m
  [4;36;1mUser Load (1.7ms)[0m   [0;1mSELECT "users".id FROM "users" WHERE (LOWER("users"."email") = 'simon@japancentre.com') LIMIT 1[0m
  [4;35;1mUser Load (0.2ms)[0m   [0mSELECT "users".id FROM "users" WHERE (LOWER("users"."username") = 'simon') LIMIT 1[0m
  [4;36;1mUser Load (0.4ms)[0m   [0;1mSELECT "users".id FROM "users" WHERE ("users"."persistence_token" = '5ceaaaf9a0cdb58f56b9d1dedc446f45687ca4a5ad46f90c71b199c0f67c2883e293cb47b324cb95d72478d100324b08b54d47d76d91041f56cbb2606a470dc7') LIMIT 1[0m
  [4;35;1mUser Load (0.1ms)[0m   [0mSELECT "users".id FROM "users" WHERE ("users"."single_access_token" = '2cw_fblrkxopWnNq76WV') LIMIT 1[0m
  [4;36;1mSQL (0.1ms)[0m   [0;1mROLLBACK[0m
Rendering template within layouts/application
Rendering users/new
Rendered users/_form (8.8ms)
Completed in 173ms (View: 21, DB: 3) | 200 OK [http://localhost/users]
  [4;35;1mSQL (0.1ms)[0m   [0mSET client_min_messages TO 'panic'[0m
  [4;36;1mSQL (0.1ms)[0m   [0;1mSET standard_conforming_strings = on[0m
  [4;35;1mSQL (0.1ms)[0m   [0mSET client_min_messages TO 'notice'[0m


Processing UsersController#create (for 127.0.0.1 at 2010-05-26 14:15:51) [POST]
  Parameters: {"commit"=>"Save changes", "action"=>"create", "authenticity_token"=>"ezyXdRztPqErDrzPXlUphia2lKC3xZqCfGHV3/gs3DY=", "controller"=>"users", "user"=>{"password_confirmation"=>"[FILTERED]", "username"=>"simon", "password"=>"[FILTERED]", "email"=>"simon@japancentre.com"}}
  [4;36;1mSQL (0.1ms)[0m   [0;1mBEGIN[0m
  [4;35;1mUser Load (0.7ms)[0m   [0mSELECT "users".id FROM "users" WHERE (LOWER("users"."email") = 'simon@japancentre.com') LIMIT 1[0m
  [4;36;1mUser Load (0.2ms)[0m   [0;1mSELECT "users".id FROM "users" WHERE (LOWER("users"."username") = 'simon') LIMIT 1[0m
  [4;35;1mUser Load (0.4ms)[0m   [0mSELECT "users".id FROM "users" WHERE ("users"."persistence_token" = '016bcd53b47fb397295b0b0fc1c5685c14fff0a8654e39fba33c871a52c653c66e7288a809017c1553590461070cb283b942af12ad84a0ea4ef73d87fa97df77') LIMIT 1[0m
  [4;36;1mUser Load (0.2ms)[0m   [0;1mSELECT "users".id FROM "users" WHERE ("users"."single_access_token" = 'faZ63XSGOuKmV93ZUGQw') LIMIT 1[0m
  [4;35;1mSQL (0.1ms)[0m   [0mROLLBACK[0m
Rendering template within layouts/application
Rendering users/new
Rendered users/_form (7.4ms)
Completed in 28ms (View: 9, DB: 2) | 200 OK [http://localhost/users]
  [4;36;1mSQL (0.1ms)[0m   [0;1mSET client_min_messages TO 'panic'[0m
  [4;35;1mSQL (0.1ms)[0m   [0mSET standard_conforming_strings = on[0m
  [4;36;1mSQL (0.1ms)[0m   [0;1mSET client_min_messages TO 'notice'[0m


Processing UserSessionsController#new (for 127.0.0.1 at 2010-05-26 14:16:02) [GET]
  Parameters: {"action"=>"new", "controller"=>"user_sessions"}
Rendering template within layouts/application
Rendering user_sessions/new
Completed in 20ms (View: 7, DB: 0) | 200 OK [http://localhost/login]
  [4;36;1mSQL (0.1ms)[0m   [0;1mSET client_min_messages TO 'panic'[0m
  [4;35;1mSQL (0.1ms)[0m   [0mSET standard_conforming_strings = on[0m
  [4;36;1mSQL (0.1ms)[0m   [0;1mSET client_min_messages TO 'notice'[0m


Processing UserSessionsController#new (for 127.0.0.1 at 2010-05-26 14:17:02) [GET]
  Parameters: {"action"=>"new", "controller"=>"user_sessions"}
Rendering template within layouts/application
Rendering user_sessions/new
Completed in 24ms (View: 10, DB: 0) | 200 OK [http://localhost/login]
  [4;35;1mSQL (0.1ms)[0m   [0mSET client_min_messages TO 'panic'[0m
  [4;36;1mSQL (0.1ms)[0m   [0;1mSET standard_conforming_strings = on[0m
  [4;35;1mSQL (0.1ms)[0m   [0mSET client_min_messages TO 'notice'[0m


Processing UserSessionsController#new (for 127.0.0.1 at 2010-05-26 14:17:19) [GET]
  Parameters: {"action"=>"new", "controller"=>"user_sessions"}
Rendering template within layouts/application
Rendering user_sessions/new
Completed in 20ms (View: 7, DB: 0) | 200 OK [http://localhost/login]
  [4;36;1mSQL (0.1ms)[0m   [0;1mSET client_min_messages TO 'panic'[0m
  [4;35;1mSQL (0.1ms)[0m   [0mSET standard_conforming_strings = on[0m
  [4;36;1mSQL (0.1ms)[0m   [0;1mSET client_min_messages TO 'notice'[0m


Processing UserSessionsController#create (for 127.0.0.1 at 2010-05-26 14:17:23) [POST]
  Parameters: {"commit"=>"Save changes", "user_session"=>{"username"=>"simon", "password"=>"[FILTERED]"}, "action"=>"create", "authenticity_token"=>"ezyXdRztPqErDrzPXlUphia2lKC3xZqCfGHV3/gs3DY=", "controller"=>"user_sessions"}
  [4;35;1mUser Load (0.9ms)[0m   [0mSELECT * FROM "users" WHERE (LOWER("users".username) = 'simon') LIMIT 1[0m
  [4;36;1mSQL (0.1ms)[0m   [0;1mBEGIN[0m
  [4;35;1mUser Update (0.7ms)[0m   [0mUPDATE "users" SET "login_count" = 2, "updated_at" = '2010-05-26 12:17:23.427814', "perishable_token" = 'THiVblNnJQzeW_6JrFHV', "last_request_at" = '2010-05-26 12:17:23.426556', "last_login_at" = '2010-05-26 12:12:37.651240', "last_login_ip" = '127.0.0.1', "current_login_at" = '2010-05-26 12:17:23.426214' WHERE "id" = 1[0m
  [4;36;1mSQL (2.2ms)[0m   [0;1mCOMMIT[0m
Redirected to http://localhost:3000/
Completed in 217ms (DB: 4) | 302 Found [http://localhost/user_sessions]
  [4;35;1mSQL (0.1ms)[0m   [0mSET client_min_messages TO 'panic'[0m
  [4;36;1mSQL (0.1ms)[0m   [0;1mSET standard_conforming_strings = on[0m
  [4;35;1mSQL (0.1ms)[0m   [0mSET client_min_messages TO 'notice'[0m


Processing UserSessionsController#destroy (for 127.0.0.1 at 2010-05-26 14:17:28) [GET]
  Parameters: {"action"=>"destroy", "controller"=>"user_sessions"}
  [4;36;1mUser Load (0.8ms)[0m   [0;1mSELECT * FROM "users" WHERE ("users"."id" = '1') LIMIT 1[0m
  [4;35;1mSQL (0.1ms)[0m   [0mBEGIN[0m
  [4;36;1mUser Update (0.4ms)[0m   [0;1mUPDATE "users" SET "updated_at" = '2010-05-26 12:17:28.157745', "perishable_token" = 'XK4VoZUDNUv67W5GRB2C', "last_request_at" = '2010-05-26 12:17:28.157131' WHERE "id" = 1[0m
  [4;35;1mSQL (0.5ms)[0m   [0mCOMMIT[0m
Redirected to http://localhost:3000/
Completed in 28ms (DB: 2) | 302 Found [http://localhost/logout]
  [4;36;1mSQL (0.1ms)[0m   [0;1mSET client_min_messages TO 'panic'[0m
  [4;35;1mSQL (0.1ms)[0m   [0mSET standard_conforming_strings = on[0m
  [4;36;1mSQL (0.1ms)[0m   [0;1mSET client_min_messages TO 'notice'[0m


Processing ApplicationController#index (for 127.0.0.1 at 2010-05-26 14:20:10) [GET]

ActionController::RoutingError (No route matches "/" with {:method=>:get}):
  

Rendering rescues/layout (not_found)
  [4;36;1mSQL (0.1ms)[0m   [0;1mSET client_min_messages TO 'panic'[0m
  [4;35;1mSQL (0.1ms)[0m   [0mSET standard_conforming_strings = on[0m
  [4;36;1mSQL (0.1ms)[0m   [0;1mSET client_min_messages TO 'notice'[0m


Processing MainController#index (for 127.0.0.1 at 2010-05-26 14:20:39) [GET]
  Parameters: {"action"=>"index", "controller"=>"main"}
Rendering template within layouts/application
Rendering main/index
Completed in 13ms (View: 11, DB: 0) | 200 OK [http://localhost/]
  [4;35;1mSQL (0.1ms)[0m   [0mSET client_min_messages TO 'panic'[0m
  [4;36;1mSQL (0.1ms)[0m   [0;1mSET standard_conforming_strings = on[0m
  [4;35;1mSQL (0.1ms)[0m   [0mSET client_min_messages TO 'notice'[0m


Processing UserSessionsController#new (for 127.0.0.1 at 2010-05-26 14:20:46) [GET]
  Parameters: {"action"=>"new", "controller"=>"user_sessions"}
Rendering template within layouts/application
Rendering user_sessions/new
Completed in 21ms (View: 9, DB: 0) | 200 OK [http://localhost/login]
  [4;36;1mSQL (0.1ms)[0m   [0;1mSET client_min_messages TO 'panic'[0m
  [4;35;1mSQL (0.2ms)[0m   [0mSET standard_conforming_strings = on[0m
  [4;36;1mSQL (0.1ms)[0m   [0;1mSET client_min_messages TO 'notice'[0m


Processing UserSessionsController#new (for 127.0.0.1 at 2010-05-26 14:21:14) [GET]
  Parameters: {"action"=>"new", "controller"=>"user_sessions"}
Rendering template within layouts/application
Rendering user_sessions/new
Completed in 22ms (View: 9, DB: 0) | 200 OK [http://localhost/login]
  [4;35;1mSQL (0.1ms)[0m   [0mSET client_min_messages TO 'panic'[0m
  [4;36;1mSQL (0.1ms)[0m   [0;1mSET standard_conforming_strings = on[0m
  [4;35;1mSQL (0.1ms)[0m   [0mSET client_min_messages TO 'notice'[0m


Processing UsersController#new (for 127.0.0.1 at 2010-05-26 14:21:16) [GET]
  Parameters: {"action"=>"new", "controller"=>"users"}
Rendering template within layouts/application
Rendering users/new
Rendered users/_form (6.6ms)
Completed in 92ms (View: 81, DB: 0) | 200 OK [http://localhost/users/new]
  [4;36;1mSQL (0.1ms)[0m   [0;1mSET client_min_messages TO 'panic'[0m
  [4;35;1mSQL (0.1ms)[0m   [0mSET standard_conforming_strings = on[0m
  [4;36;1mSQL (0.1ms)[0m   [0;1mSET client_min_messages TO 'notice'[0m


Processing UsersController#create (for 127.0.0.1 at 2010-05-26 14:21:30) [POST]
  Parameters: {"commit"=>"Save changes", "action"=>"create", "authenticity_token"=>"ezyXdRztPqErDrzPXlUphia2lKC3xZqCfGHV3/gs3DY=", "controller"=>"users", "user"=>{"password_confirmation"=>"[FILTERED]", "username"=>"javier", "password"=>"[FILTERED]", "email"=>"jatorre@vizzuality.com"}}
  [4;35;1mSQL (0.2ms)[0m   [0mBEGIN[0m
  [4;36;1mUser Load (0.8ms)[0m   [0;1mSELECT "users".id FROM "users" WHERE (LOWER("users"."email") = 'jatorre@vizzuality.com') LIMIT 1[0m
  [4;35;1mUser Load (0.2ms)[0m   [0mSELECT "users".id FROM "users" WHERE (LOWER("users"."username") = 'javier') LIMIT 1[0m
  [4;36;1mUser Load (0.4ms)[0m   [0;1mSELECT "users".id FROM "users" WHERE ("users"."persistence_token" = '82efd10032c7beeeb34571af898e1ca5f7735807e41a409cb524d469d0faf264b5609fb5598a883ac622898edff1c323478e25f8584a07383904eb03c46403e6') LIMIT 1[0m
  [4;35;1mUser Load (0.1ms)[0m   [0mSELECT "users".id FROM "users" WHERE ("users"."single_access_token" = 'RURYzBdxF79aDIVBYSHt') LIMIT 1[0m
  [4;36;1mSQL (0.6ms)[0m   [0;1mINSERT INTO "users" ("single_access_token", "last_request_at", "created_at", "crypted_password", "perishable_token", "updated_at", "username", "failed_login_count", "current_login_ip", "password_salt", "current_login_at", "persistence_token", "login_count", "last_login_ip", "last_login_at", "email") VALUES('RURYzBdxF79aDIVBYSHt', '2010-05-26 12:21:30.337814', '2010-05-26 12:21:30.338413', '339381d20bde44b183af00a459a4a064a1d2e3c5ad043052069dad90d2c9fb38d6711be11fe948b553b2a9f5afe47a54647118e9a65366637cf1f34fd5926123', 'nAvBIVIs83_oT-x7U0WI', '2010-05-26 12:21:30.338413', 'javier', 0, '127.0.0.1', 'qXkSIZqNnUGAD_SmT8No', '2010-05-26 12:21:30.334701', '82efd10032c7beeeb34571af898e1ca5f7735807e41a409cb524d469d0faf264b5609fb5598a883ac622898edff1c323478e25f8584a07383904eb03c46403e6', 1, NULL, NULL, 'jatorre@vizzuality.com') RETURNING "id"[0m
  [4;35;1mSQL (0.4ms)[0m   [0mCOMMIT[0m
Redirected to http://localhost:3000/
Completed in 183ms (DB: 3) | 302 Found [http://localhost/users]
  [4;36;1mSQL (0.1ms)[0m   [0;1mSET client_min_messages TO 'panic'[0m
  [4;35;1mSQL (0.1ms)[0m   [0mSET standard_conforming_strings = on[0m
  [4;36;1mSQL (0.1ms)[0m   [0;1mSET client_min_messages TO 'notice'[0m


Processing MainController#index (for 127.0.0.1 at 2010-05-26 14:21:30) [GET]
  Parameters: {"action"=>"index", "controller"=>"main"}
Rendering template within layouts/application
Rendering main/index
  [4;35;1mUser Load (1.2ms)[0m   [0mSELECT * FROM "users" WHERE ("users"."persistence_token" = '82efd10032c7beeeb34571af898e1ca5f7735807e41a409cb524d469d0faf264b5609fb5598a883ac622898edff1c323478e25f8584a07383904eb03c46403e6') LIMIT 1[0m
  [4;36;1mSQL (0.1ms)[0m   [0;1mBEGIN[0m
  [4;35;1mUser Update (0.4ms)[0m   [0mUPDATE "users" SET "updated_at" = '2010-05-26 12:21:30.395458', "perishable_token" = 'BsxTnjLtIFi5tAr7mwQY', "last_request_at" = '2010-05-26 12:21:30.394713' WHERE "id" = 2[0m
  [4;36;1mSQL (0.5ms)[0m   [0;1mCOMMIT[0m
Completed in 31ms (View: 28, DB: 2) | 200 OK [http://localhost/]
  [4;35;1mSQL (0.1ms)[0m   [0mSET client_min_messages TO 'panic'[0m
  [4;36;1mSQL (0.1ms)[0m   [0;1mSET standard_conforming_strings = on[0m
  [4;35;1mSQL (0.1ms)[0m   [0mSET client_min_messages TO 'notice'[0m


Processing UsersController#edit (for 127.0.0.1 at 2010-05-26 14:21:33) [GET]
  Parameters: {"action"=>"edit", "id"=>"current", "controller"=>"users"}
  [4;36;1mUser Load (0.8ms)[0m   [0;1mSELECT * FROM "users" WHERE ("users"."id" = 0) [0m

ActiveRecord::RecordNotFound (Couldn't find User with ID=current):
  app/controllers/users_controller.rb:17:in `edit'

Rendered rescues/_trace (34.7ms)
Rendered rescues/_request_and_response (1.0ms)
Rendering rescues/layout (not_found)
  [4;35;1mSQL (0.1ms)[0m   [0mSET client_min_messages TO 'panic'[0m
  [4;36;1mSQL (0.1ms)[0m   [0;1mSET standard_conforming_strings = on[0m
  [4;35;1mSQL (0.1ms)[0m   [0mSET client_min_messages TO 'notice'[0m


Processing UsersController#edit (for 127.0.0.1 at 2010-05-26 14:21:51) [GET]
  Parameters: {"action"=>"edit", "id"=>"current", "controller"=>"users"}
  [4;36;1mUser Load (0.5ms)[0m   [0;1mSELECT * FROM "users" WHERE ("users"."id" = 0) [0m

ActiveRecord::RecordNotFound (Couldn't find User with ID=current):
  app/controllers/users_controller.rb:17:in `edit'

Rendered rescues/_trace (117.8ms)
Rendered rescues/_request_and_response (0.4ms)
Rendering rescues/layout (not_found)
  [4;35;1mSQL (0.1ms)[0m   [0mSET client_min_messages TO 'panic'[0m
  [4;36;1mSQL (0.1ms)[0m   [0;1mSET standard_conforming_strings = on[0m
  [4;35;1mSQL (0.1ms)[0m   [0mSET client_min_messages TO 'notice'[0m


Processing MainController#index (for 127.0.0.1 at 2010-05-26 14:21:52) [GET]
  Parameters: {"action"=>"index", "controller"=>"main"}
Rendering template within layouts/application
Rendering main/index
  [4;36;1mUser Load (1.0ms)[0m   [0;1mSELECT * FROM "users" WHERE ("users"."persistence_token" = '82efd10032c7beeeb34571af898e1ca5f7735807e41a409cb524d469d0faf264b5609fb5598a883ac622898edff1c323478e25f8584a07383904eb03c46403e6') LIMIT 1[0m
  [4;35;1mSQL (0.1ms)[0m   [0mBEGIN[0m
  [4;36;1mUser Update (0.4ms)[0m   [0;1mUPDATE "users" SET "updated_at" = '2010-05-26 12:21:52.649439', "perishable_token" = 'FT7KYJXcR2JC704sOoDu', "last_request_at" = '2010-05-26 12:21:52.648776' WHERE "id" = 2[0m
  [4;35;1mSQL (0.4ms)[0m   [0mCOMMIT[0m
Completed in 26ms (View: 23, DB: 2) | 200 OK [http://localhost/]
  [4;36;1mSQL (0.1ms)[0m   [0;1mSET client_min_messages TO 'panic'[0m
  [4;35;1mSQL (0.1ms)[0m   [0mSET standard_conforming_strings = on[0m
  [4;36;1mSQL (0.1ms)[0m   [0;1mSET client_min_messages TO 'notice'[0m


Processing UsersController#edit (for 127.0.0.1 at 2010-05-26 14:21:54) [GET]
  Parameters: {"action"=>"edit", "id"=>"2", "controller"=>"users"}
  [4;35;1mUser Load (0.6ms)[0m   [0mSELECT * FROM "users" WHERE ("users"."id" = 2) [0m
Rendering template within layouts/application
Rendering users/edit
Rendered users/_form (5.7ms)
  [4;36;1mUser Load (0.9ms)[0m   [0;1mSELECT * FROM "users" WHERE ("users"."persistence_token" = '82efd10032c7beeeb34571af898e1ca5f7735807e41a409cb524d469d0faf264b5609fb5598a883ac622898edff1c323478e25f8584a07383904eb03c46403e6') LIMIT 1[0m
  [4;35;1mSQL (0.1ms)[0m   [0mBEGIN[0m
  [4;36;1mUser Update (0.4ms)[0m   [0;1mUPDATE "users" SET "updated_at" = '2010-05-26 12:21:54.427487', "perishable_token" = 'puIK8MiD-LZ828Eh1i7Z', "last_request_at" = '2010-05-26 12:21:54.426785' WHERE "id" = 2[0m
  [4;35;1mSQL (0.5ms)[0m   [0mCOMMIT[0m
Completed in 30ms (View: 17, DB: 3) | 200 OK [http://localhost/users/2/edit]
  [4;36;1mSQL (0.1ms)[0m   [0;1mSET client_min_messages TO 'panic'[0m
  [4;35;1mSQL (0.1ms)[0m   [0mSET standard_conforming_strings = on[0m
  [4;36;1mSQL (0.1ms)[0m   [0;1mSET client_min_messages TO 'notice'[0m


Processing UsersController#update (for 127.0.0.1 at 2010-05-26 14:21:57) [PUT]
  Parameters: {"commit"=>"Save changes", "action"=>"update", "_method"=>"put", "authenticity_token"=>"ezyXdRztPqErDrzPXlUphia2lKC3xZqCfGHV3/gs3DY=", "id"=>"2", "controller"=>"users", "user"=>{"password_confirmation"=>"[FILTERED]", "username"=>"javier", "password"=>"[FILTERED]", "email"=>"jatorre@vizzuality.com"}}
  [4;35;1mUser Load (0.6ms)[0m   [0mSELECT * FROM "users" WHERE ("users"."id" = 2) [0m
  [4;36;1mSQL (0.1ms)[0m   [0;1mBEGIN[0m
  [4;35;1mUser Update (0.4ms)[0m   [0mUPDATE "users" SET "updated_at" = '2010-05-26 12:21:57.542341', "perishable_token" = '_0d3HFCZfdVdykHt5jEf' WHERE "id" = 2[0m
  [4;36;1mSQL (0.5ms)[0m   [0;1mCOMMIT[0m
Redirected to http://localhost:3000/
Completed in 19ms (DB: 2) | 302 Found [http://localhost/users/2]
  [4;35;1mSQL (0.1ms)[0m   [0mSET client_min_messages TO 'panic'[0m
  [4;36;1mSQL (0.1ms)[0m   [0;1mSET standard_conforming_strings = on[0m
  [4;35;1mSQL (0.1ms)[0m   [0mSET client_min_messages TO 'notice'[0m


Processing MainController#index (for 127.0.0.1 at 2010-05-26 14:21:57) [GET]
  Parameters: {"action"=>"index", "controller"=>"main"}
Rendering template within layouts/application
Rendering main/index
  [4;36;1mUser Load (1.0ms)[0m   [0;1mSELECT * FROM "users" WHERE ("users"."persistence_token" = '82efd10032c7beeeb34571af898e1ca5f7735807e41a409cb524d469d0faf264b5609fb5598a883ac622898edff1c323478e25f8584a07383904eb03c46403e6') LIMIT 1[0m
  [4;35;1mSQL (0.1ms)[0m   [0mBEGIN[0m
  [4;36;1mUser Update (0.4ms)[0m   [0;1mUPDATE "users" SET "updated_at" = '2010-05-26 12:21:57.661892', "perishable_token" = 'ULF37VujuXltf2PgJ-yu', "last_request_at" = '2010-05-26 12:21:57.661253' WHERE "id" = 2[0m
  [4;35;1mSQL (0.4ms)[0m   [0mCOMMIT[0m
Completed in 22ms (View: 19, DB: 2) | 200 OK [http://localhost/]
  [4;36;1mSQL (0.1ms)[0m   [0;1mSET client_min_messages TO 'panic'[0m
  [4;35;1mSQL (0.1ms)[0m   [0mSET standard_conforming_strings = on[0m
  [4;36;1mSQL (0.1ms)[0m   [0;1mSET client_min_messages TO 'notice'[0m


Processing UserSessionsController#destroy (for 127.0.0.1 at 2010-05-26 14:22:00) [GET]
  Parameters: {"action"=>"destroy", "controller"=>"user_sessions"}
  [4;35;1mUser Load (0.9ms)[0m   [0mSELECT * FROM "users" WHERE ("users"."persistence_token" = '82efd10032c7beeeb34571af898e1ca5f7735807e41a409cb524d469d0faf264b5609fb5598a883ac622898edff1c323478e25f8584a07383904eb03c46403e6') LIMIT 1[0m
  [4;36;1mSQL (0.1ms)[0m   [0;1mBEGIN[0m
  [4;35;1mUser Update (0.4ms)[0m   [0mUPDATE "users" SET "updated_at" = '2010-05-26 12:22:00.154640', "perishable_token" = 'ZULZcuelsNp8F1eAvw12', "last_request_at" = '2010-05-26 12:22:00.154080' WHERE "id" = 2[0m
  [4;36;1mSQL (0.5ms)[0m   [0;1mCOMMIT[0m
Redirected to http://localhost:3000/
Completed in 20ms (DB: 2) | 302 Found [http://localhost/logout]
  [4;35;1mSQL (0.1ms)[0m   [0mSET client_min_messages TO 'panic'[0m
  [4;36;1mSQL (0.1ms)[0m   [0;1mSET standard_conforming_strings = on[0m
  [4;35;1mSQL (0.1ms)[0m   [0mSET client_min_messages TO 'notice'[0m


Processing MainController#index (for 127.0.0.1 at 2010-05-26 14:22:00) [GET]
  Parameters: {"action"=>"index", "controller"=>"main"}
Rendering template within layouts/application
Rendering main/index
Completed in 15ms (View: 14, DB: 0) | 200 OK [http://localhost/]
  [4;36;1mSQL (0.1ms)[0m   [0;1mSET client_min_messages TO 'panic'[0m
  [4;35;1mSQL (0.1ms)[0m   [0mSET standard_conforming_strings = on[0m
  [4;36;1mSQL (0.1ms)[0m   [0;1mSET client_min_messages TO 'notice'[0m


Processing UserSessionsController#new (for 127.0.0.1 at 2010-05-26 14:22:02) [GET]
  Parameters: {"action"=>"new", "controller"=>"user_sessions"}
Rendering template within layouts/application
Rendering user_sessions/new
Completed in 17ms (View: 5, DB: 0) | 200 OK [http://localhost/login]
  [4;35;1mSQL (0.1ms)[0m   [0mSET client_min_messages TO 'panic'[0m
  [4;36;1mSQL (0.1ms)[0m   [0;1mSET standard_conforming_strings = on[0m
  [4;35;1mSQL (0.1ms)[0m   [0mSET client_min_messages TO 'notice'[0m


Processing UserSessionsController#create (for 127.0.0.1 at 2010-05-26 14:22:08) [POST]
  Parameters: {"commit"=>"Save changes", "user_session"=>{"username"=>"javier", "password"=>"[FILTERED]"}, "action"=>"create", "authenticity_token"=>"ezyXdRztPqErDrzPXlUphia2lKC3xZqCfGHV3/gs3DY=", "controller"=>"user_sessions"}
  [4;36;1mUser Load (0.8ms)[0m   [0;1mSELECT * FROM "users" WHERE (LOWER("users".username) = 'javier') LIMIT 1[0m
  [4;35;1mSQL (0.1ms)[0m   [0mBEGIN[0m
  [4;36;1mUser Update (0.5ms)[0m   [0;1mUPDATE "users" SET "login_count" = 2, "updated_at" = '2010-05-26 12:22:08.611486', "perishable_token" = 'oHVeIA9lDnF5JYeWNKrR', "last_request_at" = '2010-05-26 12:22:08.610422', "last_login_at" = '2010-05-26 12:21:30.334701', "last_login_ip" = '127.0.0.1', "current_login_at" = '2010-05-26 12:22:08.610105' WHERE "id" = 2[0m
  [4;35;1mSQL (0.4ms)[0m   [0mCOMMIT[0m
Redirected to http://localhost:3000/
Completed in 21ms (DB: 2) | 302 Found [http://localhost/user_sessions]
  [4;36;1mSQL (0.1ms)[0m   [0;1mSET client_min_messages TO 'panic'[0m
  [4;35;1mSQL (0.1ms)[0m   [0mSET standard_conforming_strings = on[0m
  [4;36;1mSQL (0.1ms)[0m   [0;1mSET client_min_messages TO 'notice'[0m


Processing MainController#index (for 127.0.0.1 at 2010-05-26 14:22:08) [GET]
  Parameters: {"action"=>"index", "controller"=>"main"}
Rendering template within layouts/application
Rendering main/index
  [4;35;1mUser Load (14.0ms)[0m   [0mSELECT * FROM "users" WHERE ("users"."id" = '2') LIMIT 1[0m
  [4;36;1mSQL (0.1ms)[0m   [0;1mBEGIN[0m
  [4;35;1mUser Update (0.4ms)[0m   [0mUPDATE "users" SET "updated_at" = '2010-05-26 12:22:08.667120', "perishable_token" = '7NSZko6tTRCCAc8obl1L', "last_request_at" = '2010-05-26 12:22:08.666414' WHERE "id" = 2[0m
  [4;36;1mSQL (0.5ms)[0m   [0;1mCOMMIT[0m
Completed in 36ms (View: 20, DB: 15) | 200 OK [http://localhost/]
  [4;35;1mSQL (0.1ms)[0m   [0mSET client_min_messages TO 'panic'[0m
  [4;36;1mSQL (0.1ms)[0m   [0;1mSET standard_conforming_strings = on[0m
  [4;35;1mSQL (0.1ms)[0m   [0mSET client_min_messages TO 'notice'[0m


Processing UserSessionsController#destroy (for 127.0.0.1 at 2010-05-26 14:22:10) [GET]
  Parameters: {"action"=>"destroy", "controller"=>"user_sessions"}
  [4;36;1mUser Load (0.7ms)[0m   [0;1mSELECT * FROM "users" WHERE ("users"."id" = '2') LIMIT 1[0m
  [4;35;1mSQL (0.1ms)[0m   [0mBEGIN[0m
  [4;36;1mUser Update (0.3ms)[0m   [0;1mUPDATE "users" SET "updated_at" = '2010-05-26 12:22:10.259863', "perishable_token" = '1PY1B9y3glzhrYwyzh7l', "last_request_at" = '2010-05-26 12:22:10.259285' WHERE "id" = 2[0m
  [4;35;1mSQL (0.4ms)[0m   [0mCOMMIT[0m
Redirected to http://localhost:3000/
Completed in 20ms (DB: 2) | 302 Found [http://localhost/logout]
  [4;36;1mSQL (0.1ms)[0m   [0;1mSET client_min_messages TO 'panic'[0m
  [4;35;1mSQL (0.1ms)[0m   [0mSET standard_conforming_strings = on[0m
  [4;36;1mSQL (0.1ms)[0m   [0;1mSET client_min_messages TO 'notice'[0m


Processing MainController#index (for 127.0.0.1 at 2010-05-26 14:22:10) [GET]
  Parameters: {"action"=>"index", "controller"=>"main"}
Rendering template within layouts/application
Rendering main/index
Completed in 14ms (View: 13, DB: 0) | 200 OK [http://localhost/]
  [4;35;1mSQL (0.1ms)[0m   [0mSET client_min_messages TO 'panic'[0m
  [4;36;1mSQL (0.1ms)[0m   [0;1mSET standard_conforming_strings = on[0m
  [4;35;1mSQL (0.1ms)[0m   [0mSET client_min_messages TO 'notice'[0m


Processing UserSessionsController#new (for 127.0.0.1 at 2010-05-26 14:22:11) [GET]
  Parameters: {"action"=>"new", "controller"=>"user_sessions"}
Rendering template within layouts/application
Rendering user_sessions/new
Completed in 17ms (View: 4, DB: 0) | 200 OK [http://localhost/login]
/!\ FAILSAFE /!\  Wed May 26 19:02:56 +0200 2010
  Status: 500 Internal Server Error
  could not connect to server: No such file or directory
	Is the server running locally and accepting
	connections on Unix domain socket "/tmp/.s.PGSQL.5432"?

    /Users/jatorre/workspace/pa-explore/vendor/rails/activerecord/lib/active_record/connection_adapters/postgresql_adapter.rb:941:in `initialize'
    /Users/jatorre/workspace/pa-explore/vendor/rails/activerecord/lib/active_record/connection_adapters/postgresql_adapter.rb:941:in `connect'
    /Users/jatorre/workspace/pa-explore/vendor/rails/activerecord/lib/active_record/connection_adapters/postgresql_adapter.rb:941:in `connect'
    /Users/jatorre/workspace/pa-explore/vendor/rails/activerecord/lib/active_record/connection_adapters/postgresql_adapter.rb:217:in `initialize'
    /Users/jatorre/workspace/pa-explore/vendor/rails/activerecord/lib/active_record/connection_adapters/postgresql_adapter.rb:37:in `new'
    /Users/jatorre/workspace/pa-explore/vendor/rails/activerecord/lib/active_record/connection_adapters/postgresql_adapter.rb:37:in `postgresql_connection'
    /Users/jatorre/workspace/pa-explore/vendor/rails/activerecord/lib/active_record/connection_adapters/abstract/connection_pool.rb:223:in `send'
    /Users/jatorre/workspace/pa-explore/vendor/rails/activerecord/lib/active_record/connection_adapters/abstract/connection_pool.rb:223:in `new_connection'
    /Users/jatorre/workspace/pa-explore/vendor/rails/activerecord/lib/active_record/connection_adapters/abstract/connection_pool.rb:245:in `checkout_new_connection'
    /Users/jatorre/workspace/pa-explore/vendor/rails/activerecord/lib/active_record/connection_adapters/abstract/connection_pool.rb:188:in `checkout'
    /Users/jatorre/workspace/pa-explore/vendor/rails/activerecord/lib/active_record/connection_adapters/abstract/connection_pool.rb:184:in `loop'
    /Users/jatorre/workspace/pa-explore/vendor/rails/activerecord/lib/active_record/connection_adapters/abstract/connection_pool.rb:184:in `checkout'
    /System/Library/Frameworks/Ruby.framework/Versions/1.8/usr/lib/ruby/1.8/monitor.rb:242:in `synchronize'
    /Users/jatorre/workspace/pa-explore/vendor/rails/activerecord/lib/active_record/connection_adapters/abstract/connection_pool.rb:183:in `checkout'
    /Users/jatorre/workspace/pa-explore/vendor/rails/activerecord/lib/active_record/connection_adapters/abstract/connection_pool.rb:98:in `connection'
    /Users/jatorre/workspace/pa-explore/vendor/rails/activerecord/lib/active_record/connection_adapters/abstract/connection_pool.rb:326:in `retrieve_connection'
    /Users/jatorre/workspace/pa-explore/vendor/rails/activerecord/lib/active_record/connection_adapters/abstract/connection_specification.rb:123:in `retrieve_connection'
    /Users/jatorre/workspace/pa-explore/vendor/rails/activerecord/lib/active_record/connection_adapters/abstract/connection_specification.rb:115:in `connection'
    /Users/jatorre/workspace/pa-explore/vendor/rails/activerecord/lib/active_record/query_cache.rb:9:in `cache'
    /Users/jatorre/workspace/pa-explore/vendor/rails/activerecord/lib/active_record/query_cache.rb:28:in `call'
    /Users/jatorre/workspace/pa-explore/vendor/rails/activerecord/lib/active_record/connection_adapters/abstract/connection_pool.rb:361:in `call'
    /Users/jatorre/workspace/pa-explore/vendor/rails/actionpack/lib/action_controller/string_coercion.rb:25:in `call'
    /Library/Ruby/Gems/1.8/gems/rack-1.1.0/lib/rack/head.rb:9:in `call'
    /Library/Ruby/Gems/1.8/gems/rack-1.1.0/lib/rack/methodoverride.rb:24:in `call'
    /Users/jatorre/workspace/pa-explore/vendor/rails/actionpack/lib/action_controller/params_parser.rb:15:in `call'
    /Users/jatorre/workspace/pa-explore/vendor/rails/actionpack/lib/action_controller/session/cookie_store.rb:99:in `call'
    /Users/jatorre/workspace/pa-explore/vendor/rails/actionpack/lib/action_controller/failsafe.rb:26:in `call'
    /Library/Ruby/Gems/1.8/gems/rack-1.1.0/lib/rack/lock.rb:11:in `call'
    /Library/Ruby/Gems/1.8/gems/rack-1.1.0/lib/rack/lock.rb:11:in `synchronize'
    /Library/Ruby/Gems/1.8/gems/rack-1.1.0/lib/rack/lock.rb:11:in `call'
    /Users/jatorre/workspace/pa-explore/vendor/rails/actionpack/lib/action_controller/dispatcher.rb:114:in `call'
    /Users/jatorre/workspace/pa-explore/vendor/rails/actionpack/lib/action_controller/reloader.rb:34:in `run'
    /Users/jatorre/workspace/pa-explore/vendor/rails/actionpack/lib/action_controller/dispatcher.rb:108:in `call'
    /Users/jatorre/workspace/pa-explore/vendor/rails/railties/lib/rails/rack/static.rb:31:in `call'
    /Library/Ruby/Gems/1.8/gems/rack-1.1.0/lib/rack/urlmap.rb:47:in `call'
    /Library/Ruby/Gems/1.8/gems/rack-1.1.0/lib/rack/urlmap.rb:41:in `each'
    /Library/Ruby/Gems/1.8/gems/rack-1.1.0/lib/rack/urlmap.rb:41:in `call'
    /Users/jatorre/workspace/pa-explore/vendor/rails/railties/lib/rails/rack/log_tailer.rb:17:in `call'
    /Library/Ruby/Gems/1.8/gems/rack-1.1.0/lib/rack/content_length.rb:13:in `call'
    /Library/Ruby/Gems/1.8/gems/rack-1.1.0/lib/rack/chunked.rb:15:in `call'
    /Library/Ruby/Gems/1.8/gems/rack-1.1.0/lib/rack/handler/mongrel.rb:67:in `process'
    /System/Library/Frameworks/Ruby.framework/Versions/1.8/usr/lib/ruby/gems/1.8/gems/mongrel-1.1.5/lib/mongrel.rb:159:in `process_client'
    /System/Library/Frameworks/Ruby.framework/Versions/1.8/usr/lib/ruby/gems/1.8/gems/mongrel-1.1.5/lib/mongrel.rb:158:in `each'
    /System/Library/Frameworks/Ruby.framework/Versions/1.8/usr/lib/ruby/gems/1.8/gems/mongrel-1.1.5/lib/mongrel.rb:158:in `process_client'
    /System/Library/Frameworks/Ruby.framework/Versions/1.8/usr/lib/ruby/gems/1.8/gems/mongrel-1.1.5/lib/mongrel.rb:285:in `run'
    /System/Library/Frameworks/Ruby.framework/Versions/1.8/usr/lib/ruby/gems/1.8/gems/mongrel-1.1.5/lib/mongrel.rb:285:in `initialize'
    /System/Library/Frameworks/Ruby.framework/Versions/1.8/usr/lib/ruby/gems/1.8/gems/mongrel-1.1.5/lib/mongrel.rb:285:in `new'
    /System/Library/Frameworks/Ruby.framework/Versions/1.8/usr/lib/ruby/gems/1.8/gems/mongrel-1.1.5/lib/mongrel.rb:285:in `run'
    /System/Library/Frameworks/Ruby.framework/Versions/1.8/usr/lib/ruby/gems/1.8/gems/mongrel-1.1.5/lib/mongrel.rb:268:in `initialize'
    /System/Library/Frameworks/Ruby.framework/Versions/1.8/usr/lib/ruby/gems/1.8/gems/mongrel-1.1.5/lib/mongrel.rb:268:in `new'
    /System/Library/Frameworks/Ruby.framework/Versions/1.8/usr/lib/ruby/gems/1.8/gems/mongrel-1.1.5/lib/mongrel.rb:268:in `run'
    /Library/Ruby/Gems/1.8/gems/rack-1.1.0/lib/rack/handler/mongrel.rb:38:in `run'
    /Users/jatorre/workspace/pa-explore/vendor/rails/railties/lib/commands/server.rb:111
    /Library/Ruby/Site/1.8/rubygems/custom_require.rb:31:in `gem_original_require'
    /Library/Ruby/Site/1.8/rubygems/custom_require.rb:31:in `require'
    script/server:3
  [4;36;1mSQL (0.0ms)[0m   [0;1mSET client_min_messages TO 'panic'[0m
  [4;35;1mSQL (0.1ms)[0m   [0mSET standard_conforming_strings = on[0m
  [4;36;1mSQL (0.1ms)[0m   [0;1mSET client_min_messages TO 'notice'[0m
  [4;35;1mSQL (3.7ms)[0m   [0mCREATE TABLE "schema_migrations" ("version" character varying(255) NOT NULL) [0m
  [4;36;1mSQL (1.6ms)[0m   [0;1mCREATE UNIQUE INDEX "unique_schema_migrations" ON "schema_migrations" ("version")[0m
  [4;35;1mSQL (0.3ms)[0m   [0mSELECT version FROM schema_migrations[0m
Migrating to CreateUsers (20100526115225)
  [4;36;1mSQL (0.1ms)[0m   [0;1mBEGIN[0m
  [4;35;1mSQL (5.3ms)[0m   [0mCREATE TABLE "users" ("id" serial primary key, "username" character varying(255), "crypted_password" character varying(255) NOT NULL, "password_salt" character varying(255) NOT NULL, "persistence_token" character varying(255) NOT NULL, "single_access_token" character varying(255) NOT NULL, "perishable_token" character varying(255) NOT NULL, "login_count" integer DEFAULT 0 NOT NULL, "failed_login_count" integer DEFAULT 0 NOT NULL, "last_request_at" timestamp, "current_login_at" timestamp, "last_login_at" timestamp, "current_login_ip" character varying(255), "last_login_ip" character varying(255), "email" character varying(255), "created_at" timestamp, "updated_at" timestamp) [0m
  [4;36;1mSQL (0.5ms)[0m   [0;1mINSERT INTO schema_migrations (version) VALUES ('20100526115225')[0m
  [4;35;1mSQL (0.9ms)[0m   [0mCOMMIT[0m
  [4;36;1mSQL (0.4ms)[0m   [0;1mSELECT version FROM schema_migrations[0m
  [4;36;1mSQL (0.1ms)[0m   [0;1mSET client_min_messages TO 'panic'[0m
  [4;35;1mSQL (0.1ms)[0m   [0mSET standard_conforming_strings = on[0m
  [4;36;1mSQL (0.1ms)[0m   [0;1mSET client_min_messages TO 'notice'[0m


Processing MainController#index (for 127.0.0.1 at 2010-05-26 19:05:09) [GET]
  Parameters: {"action"=>"index", "controller"=>"main"}
Rendering template within layouts/application
Rendering main/index
Completed in 25ms (View: 24, DB: 0) | 200 OK [http://localhost/]
  [4;35;1mSQL (0.1ms)[0m   [0mSET client_min_messages TO 'panic'[0m
  [4;36;1mSQL (0.1ms)[0m   [0;1mSET standard_conforming_strings = on[0m
  [4;35;1mSQL (0.1ms)[0m   [0mSET client_min_messages TO 'notice'[0m


Processing UsersController#new (for 127.0.0.1 at 2010-05-26 19:05:14) [GET]
  Parameters: {"action"=>"new", "controller"=>"users"}
Rendering template within layouts/application
Rendering users/new
Rendered users/_form (6.7ms)
Completed in 80ms (View: 70, DB: 0) | 200 OK [http://localhost/users/new]
  [4;36;1mSQL (0.1ms)[0m   [0;1mSET client_min_messages TO 'panic'[0m
  [4;35;1mSQL (0.1ms)[0m   [0mSET standard_conforming_strings = on[0m
  [4;36;1mSQL (0.1ms)[0m   [0;1mSET client_min_messages TO 'notice'[0m


Processing UsersController#create (for 127.0.0.1 at 2010-05-26 19:05:24) [POST]
  Parameters: {"commit"=>"Save changes", "action"=>"create", "authenticity_token"=>"/X87Ler/4Ex5g8Mf4s8GEMYk/iWftL+QdVpOXVOXB7M=", "controller"=>"users", "user"=>{"password_confirmation"=>"[FILTERED]", "username"=>"jatorwe", "password"=>"[FILTERED]", "email"=>"kjhjkhkjh"}}
  [4;35;1mSQL (0.1ms)[0m   [0mBEGIN[0m
  [4;36;1mUser Load (0.8ms)[0m   [0;1mSELECT "users".id FROM "users" WHERE (LOWER("users"."email") = 'kjhjkhkjh') LIMIT 1[0m
  [4;35;1mUser Load (0.1ms)[0m   [0mSELECT "users".id FROM "users" WHERE (LOWER("users"."username") = 'jatorwe') LIMIT 1[0m
  [4;36;1mUser Load (0.4ms)[0m   [0;1mSELECT "users".id FROM "users" WHERE ("users"."persistence_token" = 'a2e27fcaf784c17beeefc84bf3491a332840eb471db624a4d0c3c88b02431190819eb68923b8cd8bcff02039413f91f0a946709b62cf9a3fb3ba14ce654f5627') LIMIT 1[0m
  [4;35;1mUser Load (0.1ms)[0m   [0mSELECT "users".id FROM "users" WHERE ("users"."single_access_token" = 'A4GAhJLizsN0Ck7mxEiV') LIMIT 1[0m
  [4;36;1mSQL (0.1ms)[0m   [0;1mROLLBACK[0m
Rendering template within layouts/application
Rendering users/new
Rendered users/_form (5.7ms)
Completed in 252ms (View: 10, DB: 2) | 200 OK [http://localhost/users]
  [4;35;1mSQL (0.1ms)[0m   [0mSET client_min_messages TO 'panic'[0m
  [4;36;1mSQL (0.1ms)[0m   [0;1mSET standard_conforming_strings = on[0m
  [4;35;1mSQL (0.1ms)[0m   [0mSET client_min_messages TO 'notice'[0m


Processing UsersController#create (for 127.0.0.1 at 2010-05-26 19:05:32) [POST]
  Parameters: {"commit"=>"Save changes", "action"=>"create", "authenticity_token"=>"/X87Ler/4Ex5g8Mf4s8GEMYk/iWftL+QdVpOXVOXB7M=", "controller"=>"users", "user"=>{"password_confirmation"=>"[FILTERED]", "username"=>"jatorwe", "password"=>"[FILTERED]", "email"=>"kjhjkhkjh@vjkdfd.com"}}
  [4;36;1mSQL (0.1ms)[0m   [0;1mBEGIN[0m
  [4;35;1mUser Load (0.5ms)[0m   [0mSELECT "users".id FROM "users" WHERE (LOWER("users"."email") = 'kjhjkhkjh@vjkdfd.com') LIMIT 1[0m
  [4;36;1mUser Load (0.2ms)[0m   [0;1mSELECT "users".id FROM "users" WHERE (LOWER("users"."username") = 'jatorwe') LIMIT 1[0m
  [4;35;1mUser Load (0.5ms)[0m   [0mSELECT "users".id FROM "users" WHERE ("users"."persistence_token" = '5fd54a21eb85fb7fb9b9801e949f2d818a7ab39eae19b4a6eb6a34596e550e77740aaf40837a4d2cfa3e3057a2e36a2e698fb462bdf5eb0ea55d0c25ce23f3d2') LIMIT 1[0m
  [4;36;1mUser Load (0.1ms)[0m   [0;1mSELECT "users".id FROM "users" WHERE ("users"."single_access_token" = 'rg3K2TSWsM13PyYhYiYs') LIMIT 1[0m
  [4;35;1mSQL (26.2ms)[0m   [0mINSERT INTO "users" ("single_access_token", "last_request_at", "created_at", "crypted_password", "perishable_token", "updated_at", "username", "failed_login_count", "current_login_ip", "password_salt", "current_login_at", "persistence_token", "login_count", "last_login_ip", "last_login_at", "email") VALUES('rg3K2TSWsM13PyYhYiYs', '2010-05-26 17:05:32.290405', '2010-05-26 17:05:32.291003', 'fe11290bd626ec5a91a882a46a3e33536d1ad175640abfd723029054c73c31d019d8fa05c54d76399ddecd4e7a50f77de9f2bd8e3d9bf598f5b2d8a32b244b2d', 'DehnR2jM6NIAb942SkXi', '2010-05-26 17:05:32.291003', 'jatorwe', 0, '127.0.0.1', 'uUj1IqtWz-3Si9QwMdhf', '2010-05-26 17:05:32.287846', '5fd54a21eb85fb7fb9b9801e949f2d818a7ab39eae19b4a6eb6a34596e550e77740aaf40837a4d2cfa3e3057a2e36a2e698fb462bdf5eb0ea55d0c25ce23f3d2', 1, NULL, NULL, 'kjhjkhkjh@vjkdfd.com') RETURNING "id"[0m
  [4;36;1mSQL (11.2ms)[0m   [0;1mCOMMIT[0m
Redirected to http://localhost:3000/
Completed in 69ms (DB: 39) | 302 Found [http://localhost/users]
  [4;35;1mSQL (0.2ms)[0m   [0mSET client_min_messages TO 'panic'[0m
  [4;36;1mSQL (0.2ms)[0m   [0;1mSET standard_conforming_strings = on[0m
  [4;35;1mSQL (0.1ms)[0m   [0mSET client_min_messages TO 'notice'[0m


Processing MainController#index (for 127.0.0.1 at 2010-05-26 19:05:32) [GET]
  Parameters: {"action"=>"index", "controller"=>"main"}
Rendering template within layouts/application
Rendering main/index
  [4;36;1mUser Load (1.1ms)[0m   [0;1mSELECT * FROM "users" WHERE ("users"."persistence_token" = '5fd54a21eb85fb7fb9b9801e949f2d818a7ab39eae19b4a6eb6a34596e550e77740aaf40837a4d2cfa3e3057a2e36a2e698fb462bdf5eb0ea55d0c25ce23f3d2') LIMIT 1[0m
  [4;35;1mSQL (0.1ms)[0m   [0mBEGIN[0m
  [4;36;1mUser Update (0.4ms)[0m   [0;1mUPDATE "users" SET "updated_at" = '2010-05-26 17:05:32.463045', "perishable_token" = 'WjfT0i-Q2WyZW-6hL-K7', "last_request_at" = '2010-05-26 17:05:32.462437' WHERE "id" = 1[0m
  [4;35;1mSQL (1.3ms)[0m   [0mCOMMIT[0m
Completed in 112ms (View: 107, DB: 3) | 200 OK [http://localhost/]
  [4;36;1mSQL (0.1ms)[0m   [0;1mSET client_min_messages TO 'panic'[0m
  [4;35;1mSQL (0.1ms)[0m   [0mSET standard_conforming_strings = on[0m
  [4;36;1mSQL (0.1ms)[0m   [0;1mSET client_min_messages TO 'notice'[0m


Processing UsersController#edit (for 127.0.0.1 at 2010-05-26 19:05:36) [GET]
  Parameters: {"action"=>"edit", "id"=>"1", "controller"=>"users"}
  [4;35;1mUser Load (0.5ms)[0m   [0mSELECT * FROM "users" WHERE ("users"."id" = 1) [0m
Rendering template within layouts/application
Rendering users/edit
Rendered users/_form (5.6ms)
  [4;36;1mUser Load (0.5ms)[0m   [0;1mSELECT * FROM "users" WHERE ("users"."persistence_token" = '5fd54a21eb85fb7fb9b9801e949f2d818a7ab39eae19b4a6eb6a34596e550e77740aaf40837a4d2cfa3e3057a2e36a2e698fb462bdf5eb0ea55d0c25ce23f3d2') LIMIT 1[0m
  [4;35;1mSQL (0.1ms)[0m   [0mBEGIN[0m
  [4;36;1mUser Update (0.3ms)[0m   [0;1mUPDATE "users" SET "updated_at" = '2010-05-26 17:05:36.674026', "perishable_token" = 'BBZmV5qbIfi-gj1N0tHr', "last_request_at" = '2010-05-26 17:05:36.673389' WHERE "id" = 1[0m
  [4;35;1mSQL (0.4ms)[0m   [0mCOMMIT[0m
Completed in 30ms (View: 16, DB: 2) | 200 OK [http://localhost/users/1/edit]
  [4;36;1mSQL (0.1ms)[0m   [0;1mSET client_min_messages TO 'panic'[0m
  [4;35;1mSQL (0.1ms)[0m   [0mSET standard_conforming_strings = on[0m
  [4;36;1mSQL (0.1ms)[0m   [0;1mSET client_min_messages TO 'notice'[0m


Processing UsersController#update (for 127.0.0.1 at 2010-05-26 19:05:39) [PUT]
  Parameters: {"commit"=>"Save changes", "action"=>"update", "_method"=>"put", "authenticity_token"=>"/X87Ler/4Ex5g8Mf4s8GEMYk/iWftL+QdVpOXVOXB7M=", "id"=>"1", "controller"=>"users", "user"=>{"password_confirmation"=>"[FILTERED]", "username"=>"jatorwe", "password"=>"[FILTERED]", "email"=>"kjhjkhkjh@vjkdfd.com"}}
  [4;35;1mUser Load (0.6ms)[0m   [0mSELECT * FROM "users" WHERE ("users"."id" = 1) [0m
  [4;36;1mSQL (0.1ms)[0m   [0;1mBEGIN[0m
  [4;35;1mUser Update (0.3ms)[0m   [0mUPDATE "users" SET "updated_at" = '2010-05-26 17:05:39.400537', "perishable_token" = 'nPw3wDmvpjzUyjaaIuX4' WHERE "id" = 1[0m
  [4;36;1mSQL (0.5ms)[0m   [0;1mCOMMIT[0m
Redirected to http://localhost:3000/
Completed in 18ms (DB: 2) | 302 Found [http://localhost/users/1]
  [4;35;1mSQL (0.1ms)[0m   [0mSET client_min_messages TO 'panic'[0m
  [4;36;1mSQL (0.1ms)[0m   [0;1mSET standard_conforming_strings = on[0m
  [4;35;1mSQL (0.1ms)[0m   [0mSET client_min_messages TO 'notice'[0m


Processing MainController#index (for 127.0.0.1 at 2010-05-26 19:05:39) [GET]
  Parameters: {"action"=>"index", "controller"=>"main"}
Rendering template within layouts/application
Rendering main/index
  [4;36;1mUser Load (1.0ms)[0m   [0;1mSELECT * FROM "users" WHERE ("users"."persistence_token" = '5fd54a21eb85fb7fb9b9801e949f2d818a7ab39eae19b4a6eb6a34596e550e77740aaf40837a4d2cfa3e3057a2e36a2e698fb462bdf5eb0ea55d0c25ce23f3d2') LIMIT 1[0m
  [4;35;1mSQL (0.1ms)[0m   [0mBEGIN[0m
  [4;36;1mUser Update (0.5ms)[0m   [0;1mUPDATE "users" SET "updated_at" = '2010-05-26 17:05:39.505982', "perishable_token" = 'cgOkBmajbcr93_VI8Eby', "last_request_at" = '2010-05-26 17:05:39.443661' WHERE "id" = 1[0m
  [4;35;1mSQL (0.5ms)[0m   [0mCOMMIT[0m
Completed in 86ms (View: 82, DB: 2) | 200 OK [http://localhost/]
  [4;36;1mSQL (0.1ms)[0m   [0;1mSET client_min_messages TO 'panic'[0m
  [4;35;1mSQL (0.1ms)[0m   [0mSET standard_conforming_strings = on[0m
  [4;36;1mSQL (0.1ms)[0m   [0;1mSET client_min_messages TO 'notice'[0m


Processing UserSessionsController#destroy (for 127.0.0.1 at 2010-05-26 19:11:12) [GET]
  Parameters: {"action"=>"destroy", "controller"=>"user_sessions"}
  [4;35;1mUser Load (0.8ms)[0m   [0mSELECT * FROM "users" WHERE ("users"."persistence_token" = '5fd54a21eb85fb7fb9b9801e949f2d818a7ab39eae19b4a6eb6a34596e550e77740aaf40837a4d2cfa3e3057a2e36a2e698fb462bdf5eb0ea55d0c25ce23f3d2') LIMIT 1[0m
  [4;36;1mSQL (0.1ms)[0m   [0;1mBEGIN[0m
  [4;35;1mUser Update (0.3ms)[0m   [0mUPDATE "users" SET "updated_at" = '2010-05-26 17:11:12.079923', "perishable_token" = 'jxcIPb8mE0IYXpzTNuY8', "last_request_at" = '2010-05-26 17:11:12.079373' WHERE "id" = 1[0m
  [4;36;1mSQL (21.5ms)[0m   [0;1mCOMMIT[0m
Redirected to http://localhost:3000/
Completed in 84ms (DB: 23) | 302 Found [http://localhost/logout]
  [4;35;1mSQL (0.1ms)[0m   [0mSET client_min_messages TO 'panic'[0m
  [4;36;1mSQL (0.1ms)[0m   [0;1mSET standard_conforming_strings = on[0m
  [4;35;1mSQL (0.1ms)[0m   [0mSET client_min_messages TO 'notice'[0m


Processing MainController#index (for 127.0.0.1 at 2010-05-26 19:11:12) [GET]
  Parameters: {"action"=>"index", "controller"=>"main"}
Rendering template within layouts/application
Rendering main/index
Completed in 14ms (View: 13, DB: 0) | 200 OK [http://localhost/]
  [4;36;1mSQL (0.1ms)[0m   [0;1mSET client_min_messages TO 'panic'[0m
  [4;35;1mSQL (0.1ms)[0m   [0mSET standard_conforming_strings = on[0m
  [4;36;1mSQL (0.1ms)[0m   [0;1mSET client_min_messages TO 'notice'[0m


Processing MainController#index (for 127.0.0.1 at 2010-05-26 19:11:15) [GET]
  Parameters: {"action"=>"index", "controller"=>"main"}
Rendering template within layouts/application
Rendering main/index
Completed in 13ms (View: 12, DB: 0) | 200 OK [http://localhost/]
  [4;35;1mSQL (0.1ms)[0m   [0mSET client_min_messages TO 'panic'[0m
  [4;36;1mSQL (0.1ms)[0m   [0;1mSET standard_conforming_strings = on[0m
  [4;35;1mSQL (0.1ms)[0m   [0mSET client_min_messages TO 'notice'[0m


Processing UsersController#new (for 127.0.0.1 at 2010-05-26 19:11:19) [GET]
  Parameters: {"action"=>"new", "controller"=>"users"}
Rendering template within layouts/application
Rendering users/new
Rendered users/_form (5.5ms)
Completed in 20ms (View: 9, DB: 0) | 200 OK [http://localhost/users/new]
  [4;36;1mSQL (0.1ms)[0m   [0;1mSET client_min_messages TO 'panic'[0m
  [4;35;1mSQL (0.1ms)[0m   [0mSET standard_conforming_strings = on[0m
  [4;36;1mSQL (0.1ms)[0m   [0;1mSET client_min_messages TO 'notice'[0m


Processing UsersController#create (for 127.0.0.1 at 2010-05-26 19:11:29) [POST]
  Parameters: {"commit"=>"Save changes", "action"=>"create", "authenticity_token"=>"/X87Ler/4Ex5g8Mf4s8GEMYk/iWftL+QdVpOXVOXB7M=", "controller"=>"users", "user"=>{"password_confirmation"=>"[FILTERED]", "username"=>"fghfgh", "password"=>"[FILTERED]", "email"=>"dfgfh@kdkd.com"}}
  [4;35;1mSQL (0.1ms)[0m   [0mBEGIN[0m
  [4;36;1mUser Load (9.0ms)[0m   [0;1mSELECT "users".id FROM "users" WHERE (LOWER("users"."email") = 'dfgfh@kdkd.com') LIMIT 1[0m
  [4;35;1mUser Load (0.2ms)[0m   [0mSELECT "users".id FROM "users" WHERE (LOWER("users"."username") = 'fghfgh') LIMIT 1[0m
  [4;36;1mUser Load (0.4ms)[0m   [0;1mSELECT "users".id FROM "users" WHERE ("users"."persistence_token" = '55cf4260d90d675b9ba03f6295826e0cb3e9108d552435546507e11cbf0ad26870c54c9f38874212eeda4971dbfe5630fc7d722eebc496c223d3c76eecbd7ac1') LIMIT 1[0m
  [4;35;1mUser Load (0.1ms)[0m   [0mSELECT "users".id FROM "users" WHERE ("users"."single_access_token" = 'MCWLEA8PvAAN4zF7YBuA') LIMIT 1[0m
  [4;36;1mSQL (0.5ms)[0m   [0;1mINSERT INTO "users" ("single_access_token", "last_request_at", "created_at", "crypted_password", "perishable_token", "updated_at", "username", "failed_login_count", "current_login_ip", "password_salt", "current_login_at", "persistence_token", "login_count", "last_login_ip", "last_login_at", "email") VALUES('MCWLEA8PvAAN4zF7YBuA', '2010-05-26 17:11:29.698375', '2010-05-26 17:11:29.698888', '13c2d3276cd15326db03b40c7e5e5640b824068e2ee9f72067895399f85624059fe90e9ed0c8e2a13a0e759ff9bd2a569c3e73d47089074b1bb8695e61fd78c5', 'mCq5bv3-XSuLjnc6B8oA', '2010-05-26 17:11:29.698888', 'fghfgh', 0, '127.0.0.1', 'NSdAHoL4GZgftLVcAITd', '2010-05-26 17:11:29.698230', '55cf4260d90d675b9ba03f6295826e0cb3e9108d552435546507e11cbf0ad26870c54c9f38874212eeda4971dbfe5630fc7d722eebc496c223d3c76eecbd7ac1', 1, NULL, NULL, 'dfgfh@kdkd.com') RETURNING "id"[0m
  [4;35;1mSQL (0.4ms)[0m   [0mCOMMIT[0m
Redirected to http://localhost:3000/
Completed in 36ms (DB: 11) | 302 Found [http://localhost/users]
  [4;36;1mSQL (0.1ms)[0m   [0;1mSET client_min_messages TO 'panic'[0m
  [4;35;1mSQL (0.1ms)[0m   [0mSET standard_conforming_strings = on[0m
  [4;36;1mSQL (0.1ms)[0m   [0;1mSET client_min_messages TO 'notice'[0m


Processing MainController#index (for 127.0.0.1 at 2010-05-26 19:11:29) [GET]
  Parameters: {"action"=>"index", "controller"=>"main"}
Rendering template within layouts/application
Rendering main/index
  [4;35;1mUser Load (0.9ms)[0m   [0mSELECT * FROM "users" WHERE ("users"."persistence_token" = '55cf4260d90d675b9ba03f6295826e0cb3e9108d552435546507e11cbf0ad26870c54c9f38874212eeda4971dbfe5630fc7d722eebc496c223d3c76eecbd7ac1') LIMIT 1[0m
  [4;36;1mSQL (0.1ms)[0m   [0;1mBEGIN[0m
  [4;35;1mUser Update (0.6ms)[0m   [0mUPDATE "users" SET "updated_at" = '2010-05-26 17:11:29.744118', "perishable_token" = 'X_372DqEFHWCdxjpAE48', "last_request_at" = '2010-05-26 17:11:29.743417' WHERE "id" = 2[0m
  [4;36;1mSQL (0.5ms)[0m   [0;1mCOMMIT[0m
Completed in 22ms (View: 18, DB: 2) | 200 OK [http://localhost/]
